02.01.2013[21:49:16] - cubes - please_logger.matcher.Matcher.matches(DEBUG) Matching...
02.01.2013[21:49:16] - cubes - please_logger.template.Template.corresponds(DEBUG) checking for a match. Template: help ^^^. String: todo
02.01.2013[21:49:16] - cubes - please_logger.template.Template.corresponds(DEBUG) No coincidence
02.01.2013[21:49:16] - cubes - please_logger.template.Template.corresponds(DEBUG) checking for a match. Template: commands ^^^. String: todo
02.01.2013[21:49:16] - cubes - please_logger.template.Template.corresponds(DEBUG) No coincidence
02.01.2013[21:49:16] - cubes - please_logger.template.Template.corresponds(DEBUG) checking for a match. Template: create problem #shortname ^^^. String: todo
02.01.2013[21:49:16] - cubes - please_logger.template.Template.corresponds(DEBUG) No coincidence
02.01.2013[21:49:16] - cubes - please_logger.template.Template.corresponds(DEBUG) checking for a match. Template: create contest #name of @problems ^^^. String: todo
02.01.2013[21:49:16] - cubes - please_logger.template.Template.corresponds(DEBUG) No coincidence
02.01.2013[21:49:16] - cubes - please_logger.template.Template.corresponds(DEBUG) checking for a match. Template: set main solution $path ^^^. String: todo
02.01.2013[21:49:16] - cubes - please_logger.template.Template.corresponds(DEBUG) No coincidence
02.01.2013[21:49:16] - cubes - please_logger.template.Template.corresponds(DEBUG) checking for a match. Template: add solution|sol $path ^^^. String: todo
02.01.2013[21:49:16] - cubes - please_logger.template.Template.corresponds(DEBUG) No coincidence
02.01.2013[21:49:16] - cubes - please_logger.template.Template.corresponds(DEBUG) checking for a match. Template: add solution|sol $path @args ^^^. String: todo
02.01.2013[21:49:16] - cubes - please_logger.template.Template.corresponds(DEBUG) No coincidence
02.01.2013[21:49:16] - cubes - please_logger.template.Template.corresponds(DEBUG) checking for a match. Template: delete|del solution|sol #path ^^^. String: todo
02.01.2013[21:49:16] - cubes - please_logger.template.Template.corresponds(DEBUG) No coincidence
02.01.2013[21:49:16] - cubes - please_logger.template.Template.corresponds(DEBUG) checking for a match. Template: change prop|properties @args ^^^. String: todo
02.01.2013[21:49:16] - cubes - please_logger.template.Template.corresponds(DEBUG) No coincidence
02.01.2013[21:49:16] - cubes - please_logger.template.Template.corresponds(DEBUG) checking for a match. Template: delete|del prop|properties @args ^^^. String: todo
02.01.2013[21:49:16] - cubes - please_logger.template.Template.corresponds(DEBUG) No coincidence
02.01.2013[21:49:16] - cubes - please_logger.template.Template.corresponds(DEBUG) checking for a match. Template: import polygon contest #name ^^^. String: todo
02.01.2013[21:49:16] - cubes - please_logger.template.Template.corresponds(DEBUG) No coincidence
02.01.2013[21:49:16] - cubes - please_logger.template.Template.corresponds(DEBUG) checking for a match. Template: import polygon problem #problem_letter from contest #contest_id ^^^. String: todo
02.01.2013[21:49:16] - cubes - please_logger.template.Template.corresponds(DEBUG) No coincidence
02.01.2013[21:49:16] - cubes - please_logger.template.Template.corresponds(DEBUG) checking for a match. Template: import polygon package #package ^^^. String: todo
02.01.2013[21:49:16] - cubes - please_logger.template.Template.corresponds(DEBUG) No coincidence
02.01.2013[21:49:16] - cubes - please_logger.template.Template.corresponds(DEBUG) checking for a match. Template: show todo ^^^. String: todo
02.01.2013[21:49:16] - cubes - please_logger.template.Template.corresponds(DEBUG) No coincidence
02.01.2013[21:49:16] - cubes - please_logger.template.Template.corresponds(DEBUG) checking for a match. Template: todo ^^^. String: todo
02.01.2013[21:49:16] - cubes - please_logger.template.Template.corresponds(DEBUG) Coincidence
02.01.2013[21:49:16] - cubes - please_logger.template.Template.corresponds(DEBUG) checking for a match. Template: show tags ^^^. String: todo
02.01.2013[21:49:16] - cubes - please_logger.template.Template.corresponds(DEBUG) No coincidence
02.01.2013[21:49:16] - cubes - please_logger.template.Template.corresponds(DEBUG) checking for a match. Template: tags ^^^. String: todo
02.01.2013[21:49:16] - cubes - please_logger.template.Template.corresponds(DEBUG) No coincidence
02.01.2013[21:49:16] - cubes - please_logger.template.Template.corresponds(DEBUG) checking for a match. Template: clear tags ^^^. String: todo
02.01.2013[21:49:16] - cubes - please_logger.template.Template.corresponds(DEBUG) No coincidence
02.01.2013[21:49:16] - cubes - please_logger.template.Template.corresponds(DEBUG) checking for a match. Template: add tag|tags @tags ^^^. String: todo
02.01.2013[21:49:16] - cubes - please_logger.template.Template.corresponds(DEBUG) No coincidence
02.01.2013[21:49:16] - cubes - please_logger.template.Template.corresponds(DEBUG) checking for a match. Template: generate|gen tests with tag|tags @tags ^^^. String: todo
02.01.2013[21:49:16] - cubes - please_logger.template.Template.corresponds(DEBUG) No coincidence
02.01.2013[21:49:16] - cubes - please_logger.template.Template.corresponds(DEBUG) checking for a match. Template: generate|gen tests ^^^. String: todo
02.01.2013[21:49:16] - cubes - please_logger.template.Template.corresponds(DEBUG) No coincidence
02.01.2013[21:49:16] - cubes - please_logger.template.Template.corresponds(DEBUG) checking for a match. Template: generate|gen statement|pdf ^^^. String: todo
02.01.2013[21:49:16] - cubes - please_logger.template.Template.corresponds(DEBUG) No coincidence
02.01.2013[21:49:16] - cubes - please_logger.template.Template.corresponds(DEBUG) checking for a match. Template: generate|gen answers|ans ^^^. String: todo
02.01.2013[21:49:16] - cubes - please_logger.template.Template.corresponds(DEBUG) No coincidence
02.01.2013[21:49:16] - cubes - please_logger.template.Template.corresponds(DEBUG) checking for a match. Template: run|check solutions|sols|all ^^^. String: todo
02.01.2013[21:49:16] - cubes - please_logger.template.Template.corresponds(DEBUG) No coincidence
02.01.2013[21:49:16] - cubes - please_logger.template.Template.corresponds(DEBUG) checking for a match. Template: check|run all solutions|sols ^^^. String: todo
02.01.2013[21:49:16] - cubes - please_logger.template.Template.corresponds(DEBUG) No coincidence
02.01.2013[21:49:16] - cubes - please_logger.template.Template.corresponds(DEBUG) checking for a match. Template: check|run solution|sol|solutions|sols #substr ^^^. String: todo
02.01.2013[21:49:16] - cubes - please_logger.template.Template.corresponds(DEBUG) No coincidence
02.01.2013[21:49:16] - cubes - please_logger.template.Template.corresponds(DEBUG) checking for a match. Template: check|run main solution|sol ^^^. String: todo
02.01.2013[21:49:16] - cubes - please_logger.template.Template.corresponds(DEBUG) No coincidence
02.01.2013[21:49:16] - cubes - please_logger.template.Template.corresponds(DEBUG) checking for a match. Template: check main ^^^. String: todo
02.01.2013[21:49:16] - cubes - please_logger.template.Template.corresponds(DEBUG) No coincidence
02.01.2013[21:49:16] - cubes - please_logger.template.Template.corresponds(DEBUG) checking for a match. Template: compute TL|tl|time-limit|timelimit|time_limit ^^^. String: todo
02.01.2013[21:49:16] - cubes - please_logger.template.Template.corresponds(DEBUG) No coincidence
02.01.2013[21:49:16] - cubes - please_logger.template.Template.corresponds(DEBUG) checking for a match. Template: compute integer TL|tl|time-limit|timelimit|time_limit ^^^. String: todo
02.01.2013[21:49:16] - cubes - please_logger.template.Template.corresponds(DEBUG) No coincidence
02.01.2013[21:49:16] - cubes - please_logger.template.Template.corresponds(DEBUG) checking for a match. Template: validate|val tests ^^^. String: todo
02.01.2013[21:49:16] - cubes - please_logger.template.Template.corresponds(DEBUG) No coincidence
02.01.2013[21:49:16] - cubes - please_logger.template.Template.corresponds(DEBUG) checking for a match. Template: validate ^^^. String: todo
02.01.2013[21:49:16] - cubes - please_logger.template.Template.corresponds(DEBUG) No coincidence
02.01.2013[21:49:16] - cubes - please_logger.template.Template.corresponds(DEBUG) checking for a match. Template: set validator|val $path ^^^. String: todo
02.01.2013[21:49:16] - cubes - please_logger.template.Template.corresponds(DEBUG) No coincidence
02.01.2013[21:49:16] - cubes - please_logger.template.Template.corresponds(DEBUG) checking for a match. Template: set standard|std checker #checker ^^^. String: todo
02.01.2013[21:49:16] - cubes - please_logger.template.Template.corresponds(DEBUG) No coincidence
02.01.2013[21:49:16] - cubes - please_logger.template.Template.corresponds(DEBUG) checking for a match. Template: set standard|std checker ^^^. String: todo
02.01.2013[21:49:16] - cubes - please_logger.template.Template.corresponds(DEBUG) No coincidence
02.01.2013[21:49:16] - cubes - please_logger.template.Template.corresponds(DEBUG) checking for a match. Template: set checker $path ^^^. String: todo
02.01.2013[21:49:16] - cubes - please_logger.template.Template.corresponds(DEBUG) No coincidence
02.01.2013[21:49:16] - cubes - please_logger.template.Template.corresponds(DEBUG) checking for a match. Template: set name #value ^^^. String: todo
02.01.2013[21:49:16] - cubes - please_logger.template.Template.corresponds(DEBUG) No coincidence
02.01.2013[21:49:16] - cubes - please_logger.template.Template.corresponds(DEBUG) checking for a match. Template: set problem name #value ^^^. String: todo
02.01.2013[21:49:16] - cubes - please_logger.template.Template.corresponds(DEBUG) No coincidence
02.01.2013[21:49:16] - cubes - please_logger.template.Template.corresponds(DEBUG) checking for a match. Template: set input #value ^^^. String: todo
02.01.2013[21:49:16] - cubes - please_logger.template.Template.corresponds(DEBUG) No coincidence
02.01.2013[21:49:16] - cubes - please_logger.template.Template.corresponds(DEBUG) checking for a match. Template: set output #value ^^^. String: todo
02.01.2013[21:49:16] - cubes - please_logger.template.Template.corresponds(DEBUG) No coincidence
02.01.2013[21:49:16] - cubes - please_logger.template.Template.corresponds(DEBUG) checking for a match. Template: set TL|tl|time-limit|timelimit|time_limit #value ^^^. String: todo
02.01.2013[21:49:16] - cubes - please_logger.template.Template.corresponds(DEBUG) No coincidence
02.01.2013[21:49:16] - cubes - please_logger.template.Template.corresponds(DEBUG) checking for a match. Template: set ML|ml|memory-limit|memorylimit|memory_limit #value ^^^. String: todo
02.01.2013[21:49:16] - cubes - please_logger.template.Template.corresponds(DEBUG) No coincidence
02.01.2013[21:49:16] - cubes - please_logger.template.Template.corresponds(DEBUG) checking for a match. Template: zip ^^^. String: todo
02.01.2013[21:49:16] - cubes - please_logger.template.Template.corresponds(DEBUG) No coincidence
02.01.2013[21:49:16] - cubes - please_logger.template.Template.corresponds(DEBUG) checking for a match. Template: stress $solution $generator ^^^. String: todo
02.01.2013[21:49:16] - cubes - please_logger.template.Template.corresponds(DEBUG) No coincidence
02.01.2013[21:49:16] - cubes - please_logger.template.Template.corresponds(DEBUG) checking for a match. Template: stress $solution $correct_solution $generator ^^^. String: todo
02.01.2013[21:49:16] - cubes - please_logger.template.Template.corresponds(DEBUG) No coincidence
02.01.2013[21:49:16] - cubes - please_logger.template.Template.corresponds(DEBUG) checking for a match. Template: stress $solution $generator with arg|args @args ^^^. String: todo
02.01.2013[21:49:16] - cubes - please_logger.template.Template.corresponds(DEBUG) No coincidence
02.01.2013[21:49:16] - cubes - please_logger.template.Template.corresponds(DEBUG) checking for a match. Template: stress $solution $correct_solution $generator with arg|args @args ^^^. String: todo
02.01.2013[21:49:16] - cubes - please_logger.template.Template.corresponds(DEBUG) No coincidence
02.01.2013[21:49:16] - cubes - please_logger.template.Template.corresponds(DEBUG) checking for a match. Template: add problem|problems @problems to #name as @problems_as ^^^. String: todo
02.01.2013[21:49:16] - cubes - please_logger.template.Template.corresponds(DEBUG) No coincidence
02.01.2013[21:49:16] - cubes - please_logger.template.Template.corresponds(DEBUG) checking for a match. Template: add problem|problems @problems to #name ^^^. String: todo
02.01.2013[21:49:16] - cubes - please_logger.template.Template.corresponds(DEBUG) No coincidence
02.01.2013[21:49:16] - cubes - please_logger.template.Template.corresponds(DEBUG) checking for a match. Template: del|delete problem|problems @problems from #name ^^^. String: todo
02.01.2013[21:49:16] - cubes - please_logger.template.Template.corresponds(DEBUG) No coincidence
02.01.2013[21:49:16] - cubes - please_logger.template.Template.corresponds(DEBUG) checking for a match. Template: generate|gen contest #name statement|pdf ^^^. String: todo
02.01.2013[21:49:16] - cubes - please_logger.template.Template.corresponds(DEBUG) No coincidence
02.01.2013[21:49:16] - cubes - please_logger.template.Template.corresponds(DEBUG) checking for a match. Template: export #name to #where as #contest ^^^. String: todo
02.01.2013[21:49:16] - cubes - please_logger.template.Template.corresponds(DEBUG) No coincidence
02.01.2013[21:49:16] - cubes - please_logger.template.Template.corresponds(DEBUG) checking for a match. Template: change contest #name properties|prop #key #value ^^^. String: todo
02.01.2013[21:49:16] - cubes - please_logger.template.Template.corresponds(DEBUG) No coincidence
02.01.2013[21:49:16] - cubes - please_logger.template.Template.corresponds(DEBUG) checking for a match. Template: clean|clear ^^^. String: todo
02.01.2013[21:49:16] - cubes - please_logger.template.Template.corresponds(DEBUG) No coincidence
02.01.2013[21:49:16] - cubes - please_logger.template.Template.corresponds(DEBUG) checking for a match. Template: build all ^^^. String: todo
02.01.2013[21:49:16] - cubes - please_logger.template.Template.corresponds(DEBUG) No coincidence
02.01.2013[21:49:16] - cubes - please_logger.template.Template.corresponds(DEBUG) checking for a match. Template: build ^^^. String: todo
02.01.2013[21:49:16] - cubes - please_logger.template.Template.corresponds(DEBUG) No coincidence
02.01.2013[21:49:16] - cubes - please_logger.template.Template.corresponds(DEBUG) checking for a match. Template: export to #server_name contest #contest_id problem|problems @problems ^^^. String: todo
02.01.2013[21:49:16] - cubes - please_logger.template.Template.corresponds(DEBUG) No coincidence
02.01.2013[21:49:16] - cubes - please_logger.template.Template.corresponds(DEBUG) checking for a match. Template: take over the world ^^^. String: todo
02.01.2013[21:49:16] - cubes - please_logger.template.Template.corresponds(DEBUG) No coincidence
02.01.2013[21:49:16] - cubes - please_logger.template.Template.corresponds(DEBUG) checking for a match. Template: say @words ^^^. String: todo
02.01.2013[21:49:16] - cubes - please_logger.template.Template.corresponds(DEBUG) No coincidence
02.01.2013[21:49:16] - cubes - please_logger.template.Template.corresponds(DEBUG) checking for a match. Template: make me @food ^^^. String: todo
02.01.2013[21:49:16] - cubes - please_logger.template.Template.corresponds(DEBUG) No coincidence
02.01.2013[21:49:16] - cubes - please_logger.template.Template.corresponds(DEBUG) checking for a match. Template: sudo make me @food ^^^. String: todo
02.01.2013[21:49:16] - cubes - please_logger.template.Template.corresponds(DEBUG) No coincidence
02.01.2013[21:49:16] - cubes - please_logger.template.Template.corresponds(DEBUG) checking for a match. Template: smile ^^^. String: todo
02.01.2013[21:49:16] - cubes - please_logger.template.Template.corresponds(DEBUG) No coincidence
02.01.2013[21:49:16] - cubes - please_logger.matcher.Matcher.matches(DEBUG) Run function: <function TodoGenerator.get_todo at 0x7fd8f2d4d8c0>. Matching completed
02.01.2013[21:50:30] - cubes - please_logger.matcher.Matcher.matches(DEBUG) Matching...
02.01.2013[21:50:30] - cubes - please_logger.template.Template.corresponds(DEBUG) checking for a match. Template: help ^^^. String: todo
02.01.2013[21:50:30] - cubes - please_logger.template.Template.corresponds(DEBUG) No coincidence
02.01.2013[21:50:30] - cubes - please_logger.template.Template.corresponds(DEBUG) checking for a match. Template: commands ^^^. String: todo
02.01.2013[21:50:30] - cubes - please_logger.template.Template.corresponds(DEBUG) No coincidence
02.01.2013[21:50:30] - cubes - please_logger.template.Template.corresponds(DEBUG) checking for a match. Template: create problem #shortname ^^^. String: todo
02.01.2013[21:50:30] - cubes - please_logger.template.Template.corresponds(DEBUG) No coincidence
02.01.2013[21:50:30] - cubes - please_logger.template.Template.corresponds(DEBUG) checking for a match. Template: create contest #name of @problems ^^^. String: todo
02.01.2013[21:50:30] - cubes - please_logger.template.Template.corresponds(DEBUG) No coincidence
02.01.2013[21:50:30] - cubes - please_logger.template.Template.corresponds(DEBUG) checking for a match. Template: set main solution $path ^^^. String: todo
02.01.2013[21:50:30] - cubes - please_logger.template.Template.corresponds(DEBUG) No coincidence
02.01.2013[21:50:30] - cubes - please_logger.template.Template.corresponds(DEBUG) checking for a match. Template: add solution|sol $path ^^^. String: todo
02.01.2013[21:50:30] - cubes - please_logger.template.Template.corresponds(DEBUG) No coincidence
02.01.2013[21:50:30] - cubes - please_logger.template.Template.corresponds(DEBUG) checking for a match. Template: add solution|sol $path @args ^^^. String: todo
02.01.2013[21:50:30] - cubes - please_logger.template.Template.corresponds(DEBUG) No coincidence
02.01.2013[21:50:30] - cubes - please_logger.template.Template.corresponds(DEBUG) checking for a match. Template: delete|del solution|sol #path ^^^. String: todo
02.01.2013[21:50:30] - cubes - please_logger.template.Template.corresponds(DEBUG) No coincidence
02.01.2013[21:50:30] - cubes - please_logger.template.Template.corresponds(DEBUG) checking for a match. Template: change prop|properties @args ^^^. String: todo
02.01.2013[21:50:30] - cubes - please_logger.template.Template.corresponds(DEBUG) No coincidence
02.01.2013[21:50:30] - cubes - please_logger.template.Template.corresponds(DEBUG) checking for a match. Template: delete|del prop|properties @args ^^^. String: todo
02.01.2013[21:50:30] - cubes - please_logger.template.Template.corresponds(DEBUG) No coincidence
02.01.2013[21:50:30] - cubes - please_logger.template.Template.corresponds(DEBUG) checking for a match. Template: import polygon contest #name ^^^. String: todo
02.01.2013[21:50:30] - cubes - please_logger.template.Template.corresponds(DEBUG) No coincidence
02.01.2013[21:50:30] - cubes - please_logger.template.Template.corresponds(DEBUG) checking for a match. Template: import polygon problem #problem_letter from contest #contest_id ^^^. String: todo
02.01.2013[21:50:30] - cubes - please_logger.template.Template.corresponds(DEBUG) No coincidence
02.01.2013[21:50:30] - cubes - please_logger.template.Template.corresponds(DEBUG) checking for a match. Template: import polygon package #package ^^^. String: todo
02.01.2013[21:50:30] - cubes - please_logger.template.Template.corresponds(DEBUG) No coincidence
02.01.2013[21:50:30] - cubes - please_logger.template.Template.corresponds(DEBUG) checking for a match. Template: show todo ^^^. String: todo
02.01.2013[21:50:30] - cubes - please_logger.template.Template.corresponds(DEBUG) No coincidence
02.01.2013[21:50:30] - cubes - please_logger.template.Template.corresponds(DEBUG) checking for a match. Template: todo ^^^. String: todo
02.01.2013[21:50:30] - cubes - please_logger.template.Template.corresponds(DEBUG) Coincidence
02.01.2013[21:50:30] - cubes - please_logger.template.Template.corresponds(DEBUG) checking for a match. Template: show tags ^^^. String: todo
02.01.2013[21:50:30] - cubes - please_logger.template.Template.corresponds(DEBUG) No coincidence
02.01.2013[21:50:30] - cubes - please_logger.template.Template.corresponds(DEBUG) checking for a match. Template: tags ^^^. String: todo
02.01.2013[21:50:30] - cubes - please_logger.template.Template.corresponds(DEBUG) No coincidence
02.01.2013[21:50:30] - cubes - please_logger.template.Template.corresponds(DEBUG) checking for a match. Template: clear tags ^^^. String: todo
02.01.2013[21:50:30] - cubes - please_logger.template.Template.corresponds(DEBUG) No coincidence
02.01.2013[21:50:30] - cubes - please_logger.template.Template.corresponds(DEBUG) checking for a match. Template: add tag|tags @tags ^^^. String: todo
02.01.2013[21:50:30] - cubes - please_logger.template.Template.corresponds(DEBUG) No coincidence
02.01.2013[21:50:30] - cubes - please_logger.template.Template.corresponds(DEBUG) checking for a match. Template: generate|gen tests with tag|tags @tags ^^^. String: todo
02.01.2013[21:50:30] - cubes - please_logger.template.Template.corresponds(DEBUG) No coincidence
02.01.2013[21:50:30] - cubes - please_logger.template.Template.corresponds(DEBUG) checking for a match. Template: generate|gen tests ^^^. String: todo
02.01.2013[21:50:30] - cubes - please_logger.template.Template.corresponds(DEBUG) No coincidence
02.01.2013[21:50:30] - cubes - please_logger.template.Template.corresponds(DEBUG) checking for a match. Template: generate|gen statement|pdf ^^^. String: todo
02.01.2013[21:50:30] - cubes - please_logger.template.Template.corresponds(DEBUG) No coincidence
02.01.2013[21:50:30] - cubes - please_logger.template.Template.corresponds(DEBUG) checking for a match. Template: generate|gen answers|ans ^^^. String: todo
02.01.2013[21:50:30] - cubes - please_logger.template.Template.corresponds(DEBUG) No coincidence
02.01.2013[21:50:30] - cubes - please_logger.template.Template.corresponds(DEBUG) checking for a match. Template: run|check solutions|sols|all ^^^. String: todo
02.01.2013[21:50:30] - cubes - please_logger.template.Template.corresponds(DEBUG) No coincidence
02.01.2013[21:50:30] - cubes - please_logger.template.Template.corresponds(DEBUG) checking for a match. Template: check|run all solutions|sols ^^^. String: todo
02.01.2013[21:50:30] - cubes - please_logger.template.Template.corresponds(DEBUG) No coincidence
02.01.2013[21:50:30] - cubes - please_logger.template.Template.corresponds(DEBUG) checking for a match. Template: check|run solution|sol|solutions|sols #substr ^^^. String: todo
02.01.2013[21:50:30] - cubes - please_logger.template.Template.corresponds(DEBUG) No coincidence
02.01.2013[21:50:30] - cubes - please_logger.template.Template.corresponds(DEBUG) checking for a match. Template: check|run main solution|sol ^^^. String: todo
02.01.2013[21:50:30] - cubes - please_logger.template.Template.corresponds(DEBUG) No coincidence
02.01.2013[21:50:30] - cubes - please_logger.template.Template.corresponds(DEBUG) checking for a match. Template: check main ^^^. String: todo
02.01.2013[21:50:30] - cubes - please_logger.template.Template.corresponds(DEBUG) No coincidence
02.01.2013[21:50:30] - cubes - please_logger.template.Template.corresponds(DEBUG) checking for a match. Template: compute TL|tl|time-limit|timelimit|time_limit ^^^. String: todo
02.01.2013[21:50:30] - cubes - please_logger.template.Template.corresponds(DEBUG) No coincidence
02.01.2013[21:50:30] - cubes - please_logger.template.Template.corresponds(DEBUG) checking for a match. Template: compute integer TL|tl|time-limit|timelimit|time_limit ^^^. String: todo
02.01.2013[21:50:30] - cubes - please_logger.template.Template.corresponds(DEBUG) No coincidence
02.01.2013[21:50:30] - cubes - please_logger.template.Template.corresponds(DEBUG) checking for a match. Template: validate|val tests ^^^. String: todo
02.01.2013[21:50:30] - cubes - please_logger.template.Template.corresponds(DEBUG) No coincidence
02.01.2013[21:50:30] - cubes - please_logger.template.Template.corresponds(DEBUG) checking for a match. Template: validate ^^^. String: todo
02.01.2013[21:50:30] - cubes - please_logger.template.Template.corresponds(DEBUG) No coincidence
02.01.2013[21:50:30] - cubes - please_logger.template.Template.corresponds(DEBUG) checking for a match. Template: set validator|val $path ^^^. String: todo
02.01.2013[21:50:30] - cubes - please_logger.template.Template.corresponds(DEBUG) No coincidence
02.01.2013[21:50:30] - cubes - please_logger.template.Template.corresponds(DEBUG) checking for a match. Template: set standard|std checker #checker ^^^. String: todo
02.01.2013[21:50:30] - cubes - please_logger.template.Template.corresponds(DEBUG) No coincidence
02.01.2013[21:50:30] - cubes - please_logger.template.Template.corresponds(DEBUG) checking for a match. Template: set standard|std checker ^^^. String: todo
02.01.2013[21:50:30] - cubes - please_logger.template.Template.corresponds(DEBUG) No coincidence
02.01.2013[21:50:30] - cubes - please_logger.template.Template.corresponds(DEBUG) checking for a match. Template: set checker $path ^^^. String: todo
02.01.2013[21:50:30] - cubes - please_logger.template.Template.corresponds(DEBUG) No coincidence
02.01.2013[21:50:30] - cubes - please_logger.template.Template.corresponds(DEBUG) checking for a match. Template: set name #value ^^^. String: todo
02.01.2013[21:50:30] - cubes - please_logger.template.Template.corresponds(DEBUG) No coincidence
02.01.2013[21:50:30] - cubes - please_logger.template.Template.corresponds(DEBUG) checking for a match. Template: set problem name #value ^^^. String: todo
02.01.2013[21:50:30] - cubes - please_logger.template.Template.corresponds(DEBUG) No coincidence
02.01.2013[21:50:30] - cubes - please_logger.template.Template.corresponds(DEBUG) checking for a match. Template: set input #value ^^^. String: todo
02.01.2013[21:50:30] - cubes - please_logger.template.Template.corresponds(DEBUG) No coincidence
02.01.2013[21:50:30] - cubes - please_logger.template.Template.corresponds(DEBUG) checking for a match. Template: set output #value ^^^. String: todo
02.01.2013[21:50:30] - cubes - please_logger.template.Template.corresponds(DEBUG) No coincidence
02.01.2013[21:50:30] - cubes - please_logger.template.Template.corresponds(DEBUG) checking for a match. Template: set TL|tl|time-limit|timelimit|time_limit #value ^^^. String: todo
02.01.2013[21:50:30] - cubes - please_logger.template.Template.corresponds(DEBUG) No coincidence
02.01.2013[21:50:30] - cubes - please_logger.template.Template.corresponds(DEBUG) checking for a match. Template: set ML|ml|memory-limit|memorylimit|memory_limit #value ^^^. String: todo
02.01.2013[21:50:30] - cubes - please_logger.template.Template.corresponds(DEBUG) No coincidence
02.01.2013[21:50:30] - cubes - please_logger.template.Template.corresponds(DEBUG) checking for a match. Template: zip ^^^. String: todo
02.01.2013[21:50:30] - cubes - please_logger.template.Template.corresponds(DEBUG) No coincidence
02.01.2013[21:50:30] - cubes - please_logger.template.Template.corresponds(DEBUG) checking for a match. Template: stress $solution $generator ^^^. String: todo
02.01.2013[21:50:30] - cubes - please_logger.template.Template.corresponds(DEBUG) No coincidence
02.01.2013[21:50:30] - cubes - please_logger.template.Template.corresponds(DEBUG) checking for a match. Template: stress $solution $correct_solution $generator ^^^. String: todo
02.01.2013[21:50:30] - cubes - please_logger.template.Template.corresponds(DEBUG) No coincidence
02.01.2013[21:50:30] - cubes - please_logger.template.Template.corresponds(DEBUG) checking for a match. Template: stress $solution $generator with arg|args @args ^^^. String: todo
02.01.2013[21:50:30] - cubes - please_logger.template.Template.corresponds(DEBUG) No coincidence
02.01.2013[21:50:30] - cubes - please_logger.template.Template.corresponds(DEBUG) checking for a match. Template: stress $solution $correct_solution $generator with arg|args @args ^^^. String: todo
02.01.2013[21:50:30] - cubes - please_logger.template.Template.corresponds(DEBUG) No coincidence
02.01.2013[21:50:30] - cubes - please_logger.template.Template.corresponds(DEBUG) checking for a match. Template: add problem|problems @problems to #name as @problems_as ^^^. String: todo
02.01.2013[21:50:30] - cubes - please_logger.template.Template.corresponds(DEBUG) No coincidence
02.01.2013[21:50:30] - cubes - please_logger.template.Template.corresponds(DEBUG) checking for a match. Template: add problem|problems @problems to #name ^^^. String: todo
02.01.2013[21:50:30] - cubes - please_logger.template.Template.corresponds(DEBUG) No coincidence
02.01.2013[21:50:30] - cubes - please_logger.template.Template.corresponds(DEBUG) checking for a match. Template: del|delete problem|problems @problems from #name ^^^. String: todo
02.01.2013[21:50:30] - cubes - please_logger.template.Template.corresponds(DEBUG) No coincidence
02.01.2013[21:50:30] - cubes - please_logger.template.Template.corresponds(DEBUG) checking for a match. Template: generate|gen contest #name statement|pdf ^^^. String: todo
02.01.2013[21:50:30] - cubes - please_logger.template.Template.corresponds(DEBUG) No coincidence
02.01.2013[21:50:30] - cubes - please_logger.template.Template.corresponds(DEBUG) checking for a match. Template: export #name to #where as #contest ^^^. String: todo
02.01.2013[21:50:30] - cubes - please_logger.template.Template.corresponds(DEBUG) No coincidence
02.01.2013[21:50:30] - cubes - please_logger.template.Template.corresponds(DEBUG) checking for a match. Template: change contest #name properties|prop #key #value ^^^. String: todo
02.01.2013[21:50:30] - cubes - please_logger.template.Template.corresponds(DEBUG) No coincidence
02.01.2013[21:50:30] - cubes - please_logger.template.Template.corresponds(DEBUG) checking for a match. Template: clean|clear ^^^. String: todo
02.01.2013[21:50:30] - cubes - please_logger.template.Template.corresponds(DEBUG) No coincidence
02.01.2013[21:50:30] - cubes - please_logger.template.Template.corresponds(DEBUG) checking for a match. Template: build all ^^^. String: todo
02.01.2013[21:50:30] - cubes - please_logger.template.Template.corresponds(DEBUG) No coincidence
02.01.2013[21:50:30] - cubes - please_logger.template.Template.corresponds(DEBUG) checking for a match. Template: build ^^^. String: todo
02.01.2013[21:50:30] - cubes - please_logger.template.Template.corresponds(DEBUG) No coincidence
02.01.2013[21:50:30] - cubes - please_logger.template.Template.corresponds(DEBUG) checking for a match. Template: export to #server_name contest #contest_id problem|problems @problems ^^^. String: todo
02.01.2013[21:50:30] - cubes - please_logger.template.Template.corresponds(DEBUG) No coincidence
02.01.2013[21:50:30] - cubes - please_logger.template.Template.corresponds(DEBUG) checking for a match. Template: take over the world ^^^. String: todo
02.01.2013[21:50:30] - cubes - please_logger.template.Template.corresponds(DEBUG) No coincidence
02.01.2013[21:50:30] - cubes - please_logger.template.Template.corresponds(DEBUG) checking for a match. Template: say @words ^^^. String: todo
02.01.2013[21:50:30] - cubes - please_logger.template.Template.corresponds(DEBUG) No coincidence
02.01.2013[21:50:30] - cubes - please_logger.template.Template.corresponds(DEBUG) checking for a match. Template: make me @food ^^^. String: todo
02.01.2013[21:50:30] - cubes - please_logger.template.Template.corresponds(DEBUG) No coincidence
02.01.2013[21:50:30] - cubes - please_logger.template.Template.corresponds(DEBUG) checking for a match. Template: sudo make me @food ^^^. String: todo
02.01.2013[21:50:30] - cubes - please_logger.template.Template.corresponds(DEBUG) No coincidence
02.01.2013[21:50:30] - cubes - please_logger.template.Template.corresponds(DEBUG) checking for a match. Template: smile ^^^. String: todo
02.01.2013[21:50:30] - cubes - please_logger.template.Template.corresponds(DEBUG) No coincidence
02.01.2013[21:50:30] - cubes - please_logger.matcher.Matcher.matches(DEBUG) Run function: <function TodoGenerator.get_todo at 0x7f881de5d830>. Matching completed
02.01.2013[21:54:47] - cubes - please_logger.matcher.Matcher.matches(DEBUG) Matching...
02.01.2013[21:54:47] - cubes - please_logger.template.Template.corresponds(DEBUG) checking for a match. Template: help ^^^. String: todo
02.01.2013[21:54:47] - cubes - please_logger.template.Template.corresponds(DEBUG) No coincidence
02.01.2013[21:54:47] - cubes - please_logger.template.Template.corresponds(DEBUG) checking for a match. Template: commands ^^^. String: todo
02.01.2013[21:54:47] - cubes - please_logger.template.Template.corresponds(DEBUG) No coincidence
02.01.2013[21:54:47] - cubes - please_logger.template.Template.corresponds(DEBUG) checking for a match. Template: create problem #shortname ^^^. String: todo
02.01.2013[21:54:47] - cubes - please_logger.template.Template.corresponds(DEBUG) No coincidence
02.01.2013[21:54:47] - cubes - please_logger.template.Template.corresponds(DEBUG) checking for a match. Template: create contest #name of @problems ^^^. String: todo
02.01.2013[21:54:47] - cubes - please_logger.template.Template.corresponds(DEBUG) No coincidence
02.01.2013[21:54:47] - cubes - please_logger.template.Template.corresponds(DEBUG) checking for a match. Template: set main solution $path ^^^. String: todo
02.01.2013[21:54:47] - cubes - please_logger.template.Template.corresponds(DEBUG) No coincidence
02.01.2013[21:54:47] - cubes - please_logger.template.Template.corresponds(DEBUG) checking for a match. Template: add solution|sol $path ^^^. String: todo
02.01.2013[21:54:47] - cubes - please_logger.template.Template.corresponds(DEBUG) No coincidence
02.01.2013[21:54:47] - cubes - please_logger.template.Template.corresponds(DEBUG) checking for a match. Template: add solution|sol $path @args ^^^. String: todo
02.01.2013[21:54:47] - cubes - please_logger.template.Template.corresponds(DEBUG) No coincidence
02.01.2013[21:54:47] - cubes - please_logger.template.Template.corresponds(DEBUG) checking for a match. Template: delete|del solution|sol #path ^^^. String: todo
02.01.2013[21:54:47] - cubes - please_logger.template.Template.corresponds(DEBUG) No coincidence
02.01.2013[21:54:47] - cubes - please_logger.template.Template.corresponds(DEBUG) checking for a match. Template: change prop|properties @args ^^^. String: todo
02.01.2013[21:54:47] - cubes - please_logger.template.Template.corresponds(DEBUG) No coincidence
02.01.2013[21:54:47] - cubes - please_logger.template.Template.corresponds(DEBUG) checking for a match. Template: delete|del prop|properties @args ^^^. String: todo
02.01.2013[21:54:47] - cubes - please_logger.template.Template.corresponds(DEBUG) No coincidence
02.01.2013[21:54:47] - cubes - please_logger.template.Template.corresponds(DEBUG) checking for a match. Template: import polygon contest #name ^^^. String: todo
02.01.2013[21:54:47] - cubes - please_logger.template.Template.corresponds(DEBUG) No coincidence
02.01.2013[21:54:47] - cubes - please_logger.template.Template.corresponds(DEBUG) checking for a match. Template: import polygon problem #problem_letter from contest #contest_id ^^^. String: todo
02.01.2013[21:54:47] - cubes - please_logger.template.Template.corresponds(DEBUG) No coincidence
02.01.2013[21:54:47] - cubes - please_logger.template.Template.corresponds(DEBUG) checking for a match. Template: import polygon package #package ^^^. String: todo
02.01.2013[21:54:47] - cubes - please_logger.template.Template.corresponds(DEBUG) No coincidence
02.01.2013[21:54:47] - cubes - please_logger.template.Template.corresponds(DEBUG) checking for a match. Template: show todo ^^^. String: todo
02.01.2013[21:54:47] - cubes - please_logger.template.Template.corresponds(DEBUG) No coincidence
02.01.2013[21:54:47] - cubes - please_logger.template.Template.corresponds(DEBUG) checking for a match. Template: todo ^^^. String: todo
02.01.2013[21:54:47] - cubes - please_logger.template.Template.corresponds(DEBUG) Coincidence
02.01.2013[21:54:47] - cubes - please_logger.template.Template.corresponds(DEBUG) checking for a match. Template: show tags ^^^. String: todo
02.01.2013[21:54:47] - cubes - please_logger.template.Template.corresponds(DEBUG) No coincidence
02.01.2013[21:54:47] - cubes - please_logger.template.Template.corresponds(DEBUG) checking for a match. Template: tags ^^^. String: todo
02.01.2013[21:54:47] - cubes - please_logger.template.Template.corresponds(DEBUG) No coincidence
02.01.2013[21:54:47] - cubes - please_logger.template.Template.corresponds(DEBUG) checking for a match. Template: clear tags ^^^. String: todo
02.01.2013[21:54:47] - cubes - please_logger.template.Template.corresponds(DEBUG) No coincidence
02.01.2013[21:54:47] - cubes - please_logger.template.Template.corresponds(DEBUG) checking for a match. Template: add tag|tags @tags ^^^. String: todo
02.01.2013[21:54:47] - cubes - please_logger.template.Template.corresponds(DEBUG) No coincidence
02.01.2013[21:54:47] - cubes - please_logger.template.Template.corresponds(DEBUG) checking for a match. Template: generate|gen tests with tag|tags @tags ^^^. String: todo
02.01.2013[21:54:47] - cubes - please_logger.template.Template.corresponds(DEBUG) No coincidence
02.01.2013[21:54:47] - cubes - please_logger.template.Template.corresponds(DEBUG) checking for a match. Template: generate|gen tests ^^^. String: todo
02.01.2013[21:54:47] - cubes - please_logger.template.Template.corresponds(DEBUG) No coincidence
02.01.2013[21:54:47] - cubes - please_logger.template.Template.corresponds(DEBUG) checking for a match. Template: generate|gen statement|pdf ^^^. String: todo
02.01.2013[21:54:47] - cubes - please_logger.template.Template.corresponds(DEBUG) No coincidence
02.01.2013[21:54:47] - cubes - please_logger.template.Template.corresponds(DEBUG) checking for a match. Template: generate|gen answers|ans ^^^. String: todo
02.01.2013[21:54:47] - cubes - please_logger.template.Template.corresponds(DEBUG) No coincidence
02.01.2013[21:54:47] - cubes - please_logger.template.Template.corresponds(DEBUG) checking for a match. Template: run|check solutions|sols|all ^^^. String: todo
02.01.2013[21:54:47] - cubes - please_logger.template.Template.corresponds(DEBUG) No coincidence
02.01.2013[21:54:47] - cubes - please_logger.template.Template.corresponds(DEBUG) checking for a match. Template: check|run all solutions|sols ^^^. String: todo
02.01.2013[21:54:47] - cubes - please_logger.template.Template.corresponds(DEBUG) No coincidence
02.01.2013[21:54:47] - cubes - please_logger.template.Template.corresponds(DEBUG) checking for a match. Template: check|run solution|sol|solutions|sols #substr ^^^. String: todo
02.01.2013[21:54:47] - cubes - please_logger.template.Template.corresponds(DEBUG) No coincidence
02.01.2013[21:54:47] - cubes - please_logger.template.Template.corresponds(DEBUG) checking for a match. Template: check|run main solution|sol ^^^. String: todo
02.01.2013[21:54:47] - cubes - please_logger.template.Template.corresponds(DEBUG) No coincidence
02.01.2013[21:54:47] - cubes - please_logger.template.Template.corresponds(DEBUG) checking for a match. Template: check main ^^^. String: todo
02.01.2013[21:54:47] - cubes - please_logger.template.Template.corresponds(DEBUG) No coincidence
02.01.2013[21:54:47] - cubes - please_logger.template.Template.corresponds(DEBUG) checking for a match. Template: compute TL|tl|time-limit|timelimit|time_limit ^^^. String: todo
02.01.2013[21:54:47] - cubes - please_logger.template.Template.corresponds(DEBUG) No coincidence
02.01.2013[21:54:47] - cubes - please_logger.template.Template.corresponds(DEBUG) checking for a match. Template: compute integer TL|tl|time-limit|timelimit|time_limit ^^^. String: todo
02.01.2013[21:54:47] - cubes - please_logger.template.Template.corresponds(DEBUG) No coincidence
02.01.2013[21:54:47] - cubes - please_logger.template.Template.corresponds(DEBUG) checking for a match. Template: validate|val tests ^^^. String: todo
02.01.2013[21:54:47] - cubes - please_logger.template.Template.corresponds(DEBUG) No coincidence
02.01.2013[21:54:47] - cubes - please_logger.template.Template.corresponds(DEBUG) checking for a match. Template: validate ^^^. String: todo
02.01.2013[21:54:47] - cubes - please_logger.template.Template.corresponds(DEBUG) No coincidence
02.01.2013[21:54:47] - cubes - please_logger.template.Template.corresponds(DEBUG) checking for a match. Template: set validator|val $path ^^^. String: todo
02.01.2013[21:54:47] - cubes - please_logger.template.Template.corresponds(DEBUG) No coincidence
02.01.2013[21:54:47] - cubes - please_logger.template.Template.corresponds(DEBUG) checking for a match. Template: set standard|std checker #checker ^^^. String: todo
02.01.2013[21:54:47] - cubes - please_logger.template.Template.corresponds(DEBUG) No coincidence
02.01.2013[21:54:47] - cubes - please_logger.template.Template.corresponds(DEBUG) checking for a match. Template: set standard|std checker ^^^. String: todo
02.01.2013[21:54:47] - cubes - please_logger.template.Template.corresponds(DEBUG) No coincidence
02.01.2013[21:54:47] - cubes - please_logger.template.Template.corresponds(DEBUG) checking for a match. Template: set checker $path ^^^. String: todo
02.01.2013[21:54:47] - cubes - please_logger.template.Template.corresponds(DEBUG) No coincidence
02.01.2013[21:54:47] - cubes - please_logger.template.Template.corresponds(DEBUG) checking for a match. Template: set name #value ^^^. String: todo
02.01.2013[21:54:47] - cubes - please_logger.template.Template.corresponds(DEBUG) No coincidence
02.01.2013[21:54:47] - cubes - please_logger.template.Template.corresponds(DEBUG) checking for a match. Template: set problem name #value ^^^. String: todo
02.01.2013[21:54:47] - cubes - please_logger.template.Template.corresponds(DEBUG) No coincidence
02.01.2013[21:54:47] - cubes - please_logger.template.Template.corresponds(DEBUG) checking for a match. Template: set input #value ^^^. String: todo
02.01.2013[21:54:47] - cubes - please_logger.template.Template.corresponds(DEBUG) No coincidence
02.01.2013[21:54:47] - cubes - please_logger.template.Template.corresponds(DEBUG) checking for a match. Template: set output #value ^^^. String: todo
02.01.2013[21:54:47] - cubes - please_logger.template.Template.corresponds(DEBUG) No coincidence
02.01.2013[21:54:47] - cubes - please_logger.template.Template.corresponds(DEBUG) checking for a match. Template: set TL|tl|time-limit|timelimit|time_limit #value ^^^. String: todo
02.01.2013[21:54:47] - cubes - please_logger.template.Template.corresponds(DEBUG) No coincidence
02.01.2013[21:54:47] - cubes - please_logger.template.Template.corresponds(DEBUG) checking for a match. Template: set ML|ml|memory-limit|memorylimit|memory_limit #value ^^^. String: todo
02.01.2013[21:54:47] - cubes - please_logger.template.Template.corresponds(DEBUG) No coincidence
02.01.2013[21:54:47] - cubes - please_logger.template.Template.corresponds(DEBUG) checking for a match. Template: zip ^^^. String: todo
02.01.2013[21:54:47] - cubes - please_logger.template.Template.corresponds(DEBUG) No coincidence
02.01.2013[21:54:47] - cubes - please_logger.template.Template.corresponds(DEBUG) checking for a match. Template: stress $solution $generator ^^^. String: todo
02.01.2013[21:54:47] - cubes - please_logger.template.Template.corresponds(DEBUG) No coincidence
02.01.2013[21:54:47] - cubes - please_logger.template.Template.corresponds(DEBUG) checking for a match. Template: stress $solution $correct_solution $generator ^^^. String: todo
02.01.2013[21:54:47] - cubes - please_logger.template.Template.corresponds(DEBUG) No coincidence
02.01.2013[21:54:47] - cubes - please_logger.template.Template.corresponds(DEBUG) checking for a match. Template: stress $solution $generator with arg|args @args ^^^. String: todo
02.01.2013[21:54:47] - cubes - please_logger.template.Template.corresponds(DEBUG) No coincidence
02.01.2013[21:54:47] - cubes - please_logger.template.Template.corresponds(DEBUG) checking for a match. Template: stress $solution $correct_solution $generator with arg|args @args ^^^. String: todo
02.01.2013[21:54:47] - cubes - please_logger.template.Template.corresponds(DEBUG) No coincidence
02.01.2013[21:54:47] - cubes - please_logger.template.Template.corresponds(DEBUG) checking for a match. Template: add problem|problems @problems to #name as @problems_as ^^^. String: todo
02.01.2013[21:54:47] - cubes - please_logger.template.Template.corresponds(DEBUG) No coincidence
02.01.2013[21:54:47] - cubes - please_logger.template.Template.corresponds(DEBUG) checking for a match. Template: add problem|problems @problems to #name ^^^. String: todo
02.01.2013[21:54:47] - cubes - please_logger.template.Template.corresponds(DEBUG) No coincidence
02.01.2013[21:54:47] - cubes - please_logger.template.Template.corresponds(DEBUG) checking for a match. Template: del|delete problem|problems @problems from #name ^^^. String: todo
02.01.2013[21:54:47] - cubes - please_logger.template.Template.corresponds(DEBUG) No coincidence
02.01.2013[21:54:47] - cubes - please_logger.template.Template.corresponds(DEBUG) checking for a match. Template: generate|gen contest #name statement|pdf ^^^. String: todo
02.01.2013[21:54:47] - cubes - please_logger.template.Template.corresponds(DEBUG) No coincidence
02.01.2013[21:54:47] - cubes - please_logger.template.Template.corresponds(DEBUG) checking for a match. Template: export #name to #where as #contest ^^^. String: todo
02.01.2013[21:54:47] - cubes - please_logger.template.Template.corresponds(DEBUG) No coincidence
02.01.2013[21:54:47] - cubes - please_logger.template.Template.corresponds(DEBUG) checking for a match. Template: change contest #name properties|prop #key #value ^^^. String: todo
02.01.2013[21:54:47] - cubes - please_logger.template.Template.corresponds(DEBUG) No coincidence
02.01.2013[21:54:47] - cubes - please_logger.template.Template.corresponds(DEBUG) checking for a match. Template: clean|clear ^^^. String: todo
02.01.2013[21:54:47] - cubes - please_logger.template.Template.corresponds(DEBUG) No coincidence
02.01.2013[21:54:47] - cubes - please_logger.template.Template.corresponds(DEBUG) checking for a match. Template: build all ^^^. String: todo
02.01.2013[21:54:47] - cubes - please_logger.template.Template.corresponds(DEBUG) No coincidence
02.01.2013[21:54:47] - cubes - please_logger.template.Template.corresponds(DEBUG) checking for a match. Template: build ^^^. String: todo
02.01.2013[21:54:47] - cubes - please_logger.template.Template.corresponds(DEBUG) No coincidence
02.01.2013[21:54:47] - cubes - please_logger.template.Template.corresponds(DEBUG) checking for a match. Template: export to #server_name contest #contest_id problem|problems @problems ^^^. String: todo
02.01.2013[21:54:47] - cubes - please_logger.template.Template.corresponds(DEBUG) No coincidence
02.01.2013[21:54:47] - cubes - please_logger.template.Template.corresponds(DEBUG) checking for a match. Template: take over the world ^^^. String: todo
02.01.2013[21:54:47] - cubes - please_logger.template.Template.corresponds(DEBUG) No coincidence
02.01.2013[21:54:47] - cubes - please_logger.template.Template.corresponds(DEBUG) checking for a match. Template: say @words ^^^. String: todo
02.01.2013[21:54:47] - cubes - please_logger.template.Template.corresponds(DEBUG) No coincidence
02.01.2013[21:54:47] - cubes - please_logger.template.Template.corresponds(DEBUG) checking for a match. Template: make me @food ^^^. String: todo
02.01.2013[21:54:47] - cubes - please_logger.template.Template.corresponds(DEBUG) No coincidence
02.01.2013[21:54:47] - cubes - please_logger.template.Template.corresponds(DEBUG) checking for a match. Template: sudo make me @food ^^^. String: todo
02.01.2013[21:54:47] - cubes - please_logger.template.Template.corresponds(DEBUG) No coincidence
02.01.2013[21:54:47] - cubes - please_logger.template.Template.corresponds(DEBUG) checking for a match. Template: smile ^^^. String: todo
02.01.2013[21:54:47] - cubes - please_logger.template.Template.corresponds(DEBUG) No coincidence
02.01.2013[21:54:47] - cubes - please_logger.matcher.Matcher.matches(DEBUG) Run function: <function TodoGenerator.get_todo at 0x7f34b44f65f0>. Matching completed
02.01.2013[21:56:40] - cubes - please_logger.matcher.Matcher.matches(DEBUG) Matching...
02.01.2013[21:56:40] - cubes - please_logger.template.Template.corresponds(DEBUG) checking for a match. Template: help ^^^. String: add tag hash
02.01.2013[21:56:40] - cubes - please_logger.template.Template.corresponds(DEBUG) No coincidence
02.01.2013[21:56:40] - cubes - please_logger.template.Template.corresponds(DEBUG) checking for a match. Template: commands ^^^. String: add tag hash
02.01.2013[21:56:40] - cubes - please_logger.template.Template.corresponds(DEBUG) No coincidence
02.01.2013[21:56:40] - cubes - please_logger.template.Template.corresponds(DEBUG) checking for a match. Template: create problem #shortname ^^^. String: add tag hash
02.01.2013[21:56:40] - cubes - please_logger.template.Template.corresponds(DEBUG) No coincidence
02.01.2013[21:56:40] - cubes - please_logger.template.Template.corresponds(DEBUG) checking for a match. Template: create contest #name of @problems ^^^. String: add tag hash
02.01.2013[21:56:40] - cubes - please_logger.template.Template.corresponds(DEBUG) No coincidence
02.01.2013[21:56:40] - cubes - please_logger.template.Template.corresponds(DEBUG) checking for a match. Template: set main solution $path ^^^. String: add tag hash
02.01.2013[21:56:40] - cubes - please_logger.template.Template.corresponds(DEBUG) No coincidence
02.01.2013[21:56:40] - cubes - please_logger.template.Template.corresponds(DEBUG) checking for a match. Template: add solution|sol $path ^^^. String: add tag hash
02.01.2013[21:56:40] - cubes - please_logger.template.Template.corresponds(DEBUG) No coincidence
02.01.2013[21:56:40] - cubes - please_logger.template.Template.corresponds(DEBUG) checking for a match. Template: add solution|sol $path @args ^^^. String: add tag hash
02.01.2013[21:56:40] - cubes - please_logger.template.Template.corresponds(DEBUG) No coincidence
02.01.2013[21:56:40] - cubes - please_logger.template.Template.corresponds(DEBUG) checking for a match. Template: delete|del solution|sol #path ^^^. String: add tag hash
02.01.2013[21:56:40] - cubes - please_logger.template.Template.corresponds(DEBUG) No coincidence
02.01.2013[21:56:40] - cubes - please_logger.template.Template.corresponds(DEBUG) checking for a match. Template: change prop|properties @args ^^^. String: add tag hash
02.01.2013[21:56:40] - cubes - please_logger.template.Template.corresponds(DEBUG) No coincidence
02.01.2013[21:56:40] - cubes - please_logger.template.Template.corresponds(DEBUG) checking for a match. Template: delete|del prop|properties @args ^^^. String: add tag hash
02.01.2013[21:56:40] - cubes - please_logger.template.Template.corresponds(DEBUG) No coincidence
02.01.2013[21:56:40] - cubes - please_logger.template.Template.corresponds(DEBUG) checking for a match. Template: import polygon contest #name ^^^. String: add tag hash
02.01.2013[21:56:40] - cubes - please_logger.template.Template.corresponds(DEBUG) No coincidence
02.01.2013[21:56:40] - cubes - please_logger.template.Template.corresponds(DEBUG) checking for a match. Template: import polygon problem #problem_letter from contest #contest_id ^^^. String: add tag hash
02.01.2013[21:56:40] - cubes - please_logger.template.Template.corresponds(DEBUG) No coincidence
02.01.2013[21:56:40] - cubes - please_logger.template.Template.corresponds(DEBUG) checking for a match. Template: import polygon package #package ^^^. String: add tag hash
02.01.2013[21:56:40] - cubes - please_logger.template.Template.corresponds(DEBUG) No coincidence
02.01.2013[21:56:40] - cubes - please_logger.template.Template.corresponds(DEBUG) checking for a match. Template: show todo ^^^. String: add tag hash
02.01.2013[21:56:40] - cubes - please_logger.template.Template.corresponds(DEBUG) No coincidence
02.01.2013[21:56:40] - cubes - please_logger.template.Template.corresponds(DEBUG) checking for a match. Template: todo ^^^. String: add tag hash
02.01.2013[21:56:40] - cubes - please_logger.template.Template.corresponds(DEBUG) No coincidence
02.01.2013[21:56:40] - cubes - please_logger.template.Template.corresponds(DEBUG) checking for a match. Template: show tags ^^^. String: add tag hash
02.01.2013[21:56:40] - cubes - please_logger.template.Template.corresponds(DEBUG) No coincidence
02.01.2013[21:56:40] - cubes - please_logger.template.Template.corresponds(DEBUG) checking for a match. Template: tags ^^^. String: add tag hash
02.01.2013[21:56:40] - cubes - please_logger.template.Template.corresponds(DEBUG) No coincidence
02.01.2013[21:56:40] - cubes - please_logger.template.Template.corresponds(DEBUG) checking for a match. Template: clear tags ^^^. String: add tag hash
02.01.2013[21:56:40] - cubes - please_logger.template.Template.corresponds(DEBUG) No coincidence
02.01.2013[21:56:40] - cubes - please_logger.template.Template.corresponds(DEBUG) checking for a match. Template: add tag|tags @tags ^^^. String: add tag hash
02.01.2013[21:56:40] - cubes - please_logger.template.Template.corresponds(DEBUG) Coincidence
02.01.2013[21:56:40] - cubes - please_logger.template.Template.corresponds(DEBUG) checking for a match. Template: generate|gen tests with tag|tags @tags ^^^. String: add tag hash
02.01.2013[21:56:40] - cubes - please_logger.template.Template.corresponds(DEBUG) No coincidence
02.01.2013[21:56:40] - cubes - please_logger.template.Template.corresponds(DEBUG) checking for a match. Template: generate|gen tests ^^^. String: add tag hash
02.01.2013[21:56:40] - cubes - please_logger.template.Template.corresponds(DEBUG) No coincidence
02.01.2013[21:56:40] - cubes - please_logger.template.Template.corresponds(DEBUG) checking for a match. Template: generate|gen statement|pdf ^^^. String: add tag hash
02.01.2013[21:56:40] - cubes - please_logger.template.Template.corresponds(DEBUG) No coincidence
02.01.2013[21:56:40] - cubes - please_logger.template.Template.corresponds(DEBUG) checking for a match. Template: generate|gen answers|ans ^^^. String: add tag hash
02.01.2013[21:56:40] - cubes - please_logger.template.Template.corresponds(DEBUG) No coincidence
02.01.2013[21:56:40] - cubes - please_logger.template.Template.corresponds(DEBUG) checking for a match. Template: run|check solutions|sols|all ^^^. String: add tag hash
02.01.2013[21:56:40] - cubes - please_logger.template.Template.corresponds(DEBUG) No coincidence
02.01.2013[21:56:40] - cubes - please_logger.template.Template.corresponds(DEBUG) checking for a match. Template: check|run all solutions|sols ^^^. String: add tag hash
02.01.2013[21:56:40] - cubes - please_logger.template.Template.corresponds(DEBUG) No coincidence
02.01.2013[21:56:40] - cubes - please_logger.template.Template.corresponds(DEBUG) checking for a match. Template: check|run solution|sol|solutions|sols #substr ^^^. String: add tag hash
02.01.2013[21:56:40] - cubes - please_logger.template.Template.corresponds(DEBUG) No coincidence
02.01.2013[21:56:40] - cubes - please_logger.template.Template.corresponds(DEBUG) checking for a match. Template: check|run main solution|sol ^^^. String: add tag hash
02.01.2013[21:56:40] - cubes - please_logger.template.Template.corresponds(DEBUG) No coincidence
02.01.2013[21:56:40] - cubes - please_logger.template.Template.corresponds(DEBUG) checking for a match. Template: check main ^^^. String: add tag hash
02.01.2013[21:56:40] - cubes - please_logger.template.Template.corresponds(DEBUG) No coincidence
02.01.2013[21:56:40] - cubes - please_logger.template.Template.corresponds(DEBUG) checking for a match. Template: compute TL|tl|time-limit|timelimit|time_limit ^^^. String: add tag hash
02.01.2013[21:56:40] - cubes - please_logger.template.Template.corresponds(DEBUG) No coincidence
02.01.2013[21:56:40] - cubes - please_logger.template.Template.corresponds(DEBUG) checking for a match. Template: compute integer TL|tl|time-limit|timelimit|time_limit ^^^. String: add tag hash
02.01.2013[21:56:40] - cubes - please_logger.template.Template.corresponds(DEBUG) No coincidence
02.01.2013[21:56:40] - cubes - please_logger.template.Template.corresponds(DEBUG) checking for a match. Template: validate|val tests ^^^. String: add tag hash
02.01.2013[21:56:40] - cubes - please_logger.template.Template.corresponds(DEBUG) No coincidence
02.01.2013[21:56:40] - cubes - please_logger.template.Template.corresponds(DEBUG) checking for a match. Template: validate ^^^. String: add tag hash
02.01.2013[21:56:40] - cubes - please_logger.template.Template.corresponds(DEBUG) No coincidence
02.01.2013[21:56:40] - cubes - please_logger.template.Template.corresponds(DEBUG) checking for a match. Template: set validator|val $path ^^^. String: add tag hash
02.01.2013[21:56:40] - cubes - please_logger.template.Template.corresponds(DEBUG) No coincidence
02.01.2013[21:56:40] - cubes - please_logger.template.Template.corresponds(DEBUG) checking for a match. Template: set standard|std checker #checker ^^^. String: add tag hash
02.01.2013[21:56:40] - cubes - please_logger.template.Template.corresponds(DEBUG) No coincidence
02.01.2013[21:56:40] - cubes - please_logger.template.Template.corresponds(DEBUG) checking for a match. Template: set standard|std checker ^^^. String: add tag hash
02.01.2013[21:56:40] - cubes - please_logger.template.Template.corresponds(DEBUG) No coincidence
02.01.2013[21:56:40] - cubes - please_logger.template.Template.corresponds(DEBUG) checking for a match. Template: set checker $path ^^^. String: add tag hash
02.01.2013[21:56:40] - cubes - please_logger.template.Template.corresponds(DEBUG) No coincidence
02.01.2013[21:56:40] - cubes - please_logger.template.Template.corresponds(DEBUG) checking for a match. Template: set name #value ^^^. String: add tag hash
02.01.2013[21:56:40] - cubes - please_logger.template.Template.corresponds(DEBUG) No coincidence
02.01.2013[21:56:40] - cubes - please_logger.template.Template.corresponds(DEBUG) checking for a match. Template: set problem name #value ^^^. String: add tag hash
02.01.2013[21:56:40] - cubes - please_logger.template.Template.corresponds(DEBUG) No coincidence
02.01.2013[21:56:40] - cubes - please_logger.template.Template.corresponds(DEBUG) checking for a match. Template: set input #value ^^^. String: add tag hash
02.01.2013[21:56:40] - cubes - please_logger.template.Template.corresponds(DEBUG) No coincidence
02.01.2013[21:56:40] - cubes - please_logger.template.Template.corresponds(DEBUG) checking for a match. Template: set output #value ^^^. String: add tag hash
02.01.2013[21:56:40] - cubes - please_logger.template.Template.corresponds(DEBUG) No coincidence
02.01.2013[21:56:40] - cubes - please_logger.template.Template.corresponds(DEBUG) checking for a match. Template: set TL|tl|time-limit|timelimit|time_limit #value ^^^. String: add tag hash
02.01.2013[21:56:40] - cubes - please_logger.template.Template.corresponds(DEBUG) No coincidence
02.01.2013[21:56:40] - cubes - please_logger.template.Template.corresponds(DEBUG) checking for a match. Template: set ML|ml|memory-limit|memorylimit|memory_limit #value ^^^. String: add tag hash
02.01.2013[21:56:40] - cubes - please_logger.template.Template.corresponds(DEBUG) No coincidence
02.01.2013[21:56:40] - cubes - please_logger.template.Template.corresponds(DEBUG) checking for a match. Template: zip ^^^. String: add tag hash
02.01.2013[21:56:40] - cubes - please_logger.template.Template.corresponds(DEBUG) No coincidence
02.01.2013[21:56:40] - cubes - please_logger.template.Template.corresponds(DEBUG) checking for a match. Template: stress $solution $generator ^^^. String: add tag hash
02.01.2013[21:56:40] - cubes - please_logger.template.Template.corresponds(DEBUG) No coincidence
02.01.2013[21:56:40] - cubes - please_logger.template.Template.corresponds(DEBUG) checking for a match. Template: stress $solution $correct_solution $generator ^^^. String: add tag hash
02.01.2013[21:56:40] - cubes - please_logger.template.Template.corresponds(DEBUG) No coincidence
02.01.2013[21:56:40] - cubes - please_logger.template.Template.corresponds(DEBUG) checking for a match. Template: stress $solution $generator with arg|args @args ^^^. String: add tag hash
02.01.2013[21:56:40] - cubes - please_logger.template.Template.corresponds(DEBUG) No coincidence
02.01.2013[21:56:40] - cubes - please_logger.template.Template.corresponds(DEBUG) checking for a match. Template: stress $solution $correct_solution $generator with arg|args @args ^^^. String: add tag hash
02.01.2013[21:56:40] - cubes - please_logger.template.Template.corresponds(DEBUG) No coincidence
02.01.2013[21:56:40] - cubes - please_logger.template.Template.corresponds(DEBUG) checking for a match. Template: add problem|problems @problems to #name as @problems_as ^^^. String: add tag hash
02.01.2013[21:56:40] - cubes - please_logger.template.Template.corresponds(DEBUG) No coincidence
02.01.2013[21:56:40] - cubes - please_logger.template.Template.corresponds(DEBUG) checking for a match. Template: add problem|problems @problems to #name ^^^. String: add tag hash
02.01.2013[21:56:40] - cubes - please_logger.template.Template.corresponds(DEBUG) No coincidence
02.01.2013[21:56:40] - cubes - please_logger.template.Template.corresponds(DEBUG) checking for a match. Template: del|delete problem|problems @problems from #name ^^^. String: add tag hash
02.01.2013[21:56:40] - cubes - please_logger.template.Template.corresponds(DEBUG) No coincidence
02.01.2013[21:56:40] - cubes - please_logger.template.Template.corresponds(DEBUG) checking for a match. Template: generate|gen contest #name statement|pdf ^^^. String: add tag hash
02.01.2013[21:56:40] - cubes - please_logger.template.Template.corresponds(DEBUG) No coincidence
02.01.2013[21:56:40] - cubes - please_logger.template.Template.corresponds(DEBUG) checking for a match. Template: export #name to #where as #contest ^^^. String: add tag hash
02.01.2013[21:56:40] - cubes - please_logger.template.Template.corresponds(DEBUG) No coincidence
02.01.2013[21:56:40] - cubes - please_logger.template.Template.corresponds(DEBUG) checking for a match. Template: change contest #name properties|prop #key #value ^^^. String: add tag hash
02.01.2013[21:56:40] - cubes - please_logger.template.Template.corresponds(DEBUG) No coincidence
02.01.2013[21:56:40] - cubes - please_logger.template.Template.corresponds(DEBUG) checking for a match. Template: clean|clear ^^^. String: add tag hash
02.01.2013[21:56:40] - cubes - please_logger.template.Template.corresponds(DEBUG) No coincidence
02.01.2013[21:56:40] - cubes - please_logger.template.Template.corresponds(DEBUG) checking for a match. Template: build all ^^^. String: add tag hash
02.01.2013[21:56:40] - cubes - please_logger.template.Template.corresponds(DEBUG) No coincidence
02.01.2013[21:56:40] - cubes - please_logger.template.Template.corresponds(DEBUG) checking for a match. Template: build ^^^. String: add tag hash
02.01.2013[21:56:40] - cubes - please_logger.template.Template.corresponds(DEBUG) No coincidence
02.01.2013[21:56:40] - cubes - please_logger.template.Template.corresponds(DEBUG) checking for a match. Template: export to #server_name contest #contest_id problem|problems @problems ^^^. String: add tag hash
02.01.2013[21:56:40] - cubes - please_logger.template.Template.corresponds(DEBUG) No coincidence
02.01.2013[21:56:40] - cubes - please_logger.template.Template.corresponds(DEBUG) checking for a match. Template: take over the world ^^^. String: add tag hash
02.01.2013[21:56:40] - cubes - please_logger.template.Template.corresponds(DEBUG) No coincidence
02.01.2013[21:56:40] - cubes - please_logger.template.Template.corresponds(DEBUG) checking for a match. Template: say @words ^^^. String: add tag hash
02.01.2013[21:56:40] - cubes - please_logger.template.Template.corresponds(DEBUG) No coincidence
02.01.2013[21:56:40] - cubes - please_logger.template.Template.corresponds(DEBUG) checking for a match. Template: make me @food ^^^. String: add tag hash
02.01.2013[21:56:40] - cubes - please_logger.template.Template.corresponds(DEBUG) No coincidence
02.01.2013[21:56:40] - cubes - please_logger.template.Template.corresponds(DEBUG) checking for a match. Template: sudo make me @food ^^^. String: add tag hash
02.01.2013[21:56:40] - cubes - please_logger.template.Template.corresponds(DEBUG) No coincidence
02.01.2013[21:56:40] - cubes - please_logger.template.Template.corresponds(DEBUG) checking for a match. Template: smile ^^^. String: add tag hash
02.01.2013[21:56:40] - cubes - please_logger.template.Template.corresponds(DEBUG) No coincidence
02.01.2013[21:56:40] - cubes - please_logger.matcher.Matcher.matches(DEBUG) Run function: <function add_tags at 0x7f94f5a693b0>. Matching completed
02.01.2013[21:56:46] - cubes - please_logger.matcher.Matcher.matches(DEBUG) Matching...
02.01.2013[21:56:46] - cubes - please_logger.template.Template.corresponds(DEBUG) checking for a match. Template: help ^^^. String: add tag prefix-function
02.01.2013[21:56:46] - cubes - please_logger.template.Template.corresponds(DEBUG) No coincidence
02.01.2013[21:56:46] - cubes - please_logger.template.Template.corresponds(DEBUG) checking for a match. Template: commands ^^^. String: add tag prefix-function
02.01.2013[21:56:46] - cubes - please_logger.template.Template.corresponds(DEBUG) No coincidence
02.01.2013[21:56:46] - cubes - please_logger.template.Template.corresponds(DEBUG) checking for a match. Template: create problem #shortname ^^^. String: add tag prefix-function
02.01.2013[21:56:46] - cubes - please_logger.template.Template.corresponds(DEBUG) No coincidence
02.01.2013[21:56:46] - cubes - please_logger.template.Template.corresponds(DEBUG) checking for a match. Template: create contest #name of @problems ^^^. String: add tag prefix-function
02.01.2013[21:56:46] - cubes - please_logger.template.Template.corresponds(DEBUG) No coincidence
02.01.2013[21:56:46] - cubes - please_logger.template.Template.corresponds(DEBUG) checking for a match. Template: set main solution $path ^^^. String: add tag prefix-function
02.01.2013[21:56:46] - cubes - please_logger.template.Template.corresponds(DEBUG) No coincidence
02.01.2013[21:56:46] - cubes - please_logger.template.Template.corresponds(DEBUG) checking for a match. Template: add solution|sol $path ^^^. String: add tag prefix-function
02.01.2013[21:56:46] - cubes - please_logger.template.Template.corresponds(DEBUG) No coincidence
02.01.2013[21:56:46] - cubes - please_logger.template.Template.corresponds(DEBUG) checking for a match. Template: add solution|sol $path @args ^^^. String: add tag prefix-function
02.01.2013[21:56:46] - cubes - please_logger.template.Template.corresponds(DEBUG) No coincidence
02.01.2013[21:56:46] - cubes - please_logger.template.Template.corresponds(DEBUG) checking for a match. Template: delete|del solution|sol #path ^^^. String: add tag prefix-function
02.01.2013[21:56:46] - cubes - please_logger.template.Template.corresponds(DEBUG) No coincidence
02.01.2013[21:56:46] - cubes - please_logger.template.Template.corresponds(DEBUG) checking for a match. Template: change prop|properties @args ^^^. String: add tag prefix-function
02.01.2013[21:56:46] - cubes - please_logger.template.Template.corresponds(DEBUG) No coincidence
02.01.2013[21:56:46] - cubes - please_logger.template.Template.corresponds(DEBUG) checking for a match. Template: delete|del prop|properties @args ^^^. String: add tag prefix-function
02.01.2013[21:56:46] - cubes - please_logger.template.Template.corresponds(DEBUG) No coincidence
02.01.2013[21:56:46] - cubes - please_logger.template.Template.corresponds(DEBUG) checking for a match. Template: import polygon contest #name ^^^. String: add tag prefix-function
02.01.2013[21:56:46] - cubes - please_logger.template.Template.corresponds(DEBUG) No coincidence
02.01.2013[21:56:46] - cubes - please_logger.template.Template.corresponds(DEBUG) checking for a match. Template: import polygon problem #problem_letter from contest #contest_id ^^^. String: add tag prefix-function
02.01.2013[21:56:46] - cubes - please_logger.template.Template.corresponds(DEBUG) No coincidence
02.01.2013[21:56:46] - cubes - please_logger.template.Template.corresponds(DEBUG) checking for a match. Template: import polygon package #package ^^^. String: add tag prefix-function
02.01.2013[21:56:46] - cubes - please_logger.template.Template.corresponds(DEBUG) No coincidence
02.01.2013[21:56:46] - cubes - please_logger.template.Template.corresponds(DEBUG) checking for a match. Template: show todo ^^^. String: add tag prefix-function
02.01.2013[21:56:46] - cubes - please_logger.template.Template.corresponds(DEBUG) No coincidence
02.01.2013[21:56:46] - cubes - please_logger.template.Template.corresponds(DEBUG) checking for a match. Template: todo ^^^. String: add tag prefix-function
02.01.2013[21:56:46] - cubes - please_logger.template.Template.corresponds(DEBUG) No coincidence
02.01.2013[21:56:46] - cubes - please_logger.template.Template.corresponds(DEBUG) checking for a match. Template: show tags ^^^. String: add tag prefix-function
02.01.2013[21:56:46] - cubes - please_logger.template.Template.corresponds(DEBUG) No coincidence
02.01.2013[21:56:46] - cubes - please_logger.template.Template.corresponds(DEBUG) checking for a match. Template: tags ^^^. String: add tag prefix-function
02.01.2013[21:56:46] - cubes - please_logger.template.Template.corresponds(DEBUG) No coincidence
02.01.2013[21:56:46] - cubes - please_logger.template.Template.corresponds(DEBUG) checking for a match. Template: clear tags ^^^. String: add tag prefix-function
02.01.2013[21:56:46] - cubes - please_logger.template.Template.corresponds(DEBUG) No coincidence
02.01.2013[21:56:46] - cubes - please_logger.template.Template.corresponds(DEBUG) checking for a match. Template: add tag|tags @tags ^^^. String: add tag prefix-function
02.01.2013[21:56:46] - cubes - please_logger.template.Template.corresponds(DEBUG) Coincidence
02.01.2013[21:56:46] - cubes - please_logger.template.Template.corresponds(DEBUG) checking for a match. Template: generate|gen tests with tag|tags @tags ^^^. String: add tag prefix-function
02.01.2013[21:56:46] - cubes - please_logger.template.Template.corresponds(DEBUG) No coincidence
02.01.2013[21:56:46] - cubes - please_logger.template.Template.corresponds(DEBUG) checking for a match. Template: generate|gen tests ^^^. String: add tag prefix-function
02.01.2013[21:56:46] - cubes - please_logger.template.Template.corresponds(DEBUG) No coincidence
02.01.2013[21:56:46] - cubes - please_logger.template.Template.corresponds(DEBUG) checking for a match. Template: generate|gen statement|pdf ^^^. String: add tag prefix-function
02.01.2013[21:56:46] - cubes - please_logger.template.Template.corresponds(DEBUG) No coincidence
02.01.2013[21:56:46] - cubes - please_logger.template.Template.corresponds(DEBUG) checking for a match. Template: generate|gen answers|ans ^^^. String: add tag prefix-function
02.01.2013[21:56:46] - cubes - please_logger.template.Template.corresponds(DEBUG) No coincidence
02.01.2013[21:56:46] - cubes - please_logger.template.Template.corresponds(DEBUG) checking for a match. Template: run|check solutions|sols|all ^^^. String: add tag prefix-function
02.01.2013[21:56:46] - cubes - please_logger.template.Template.corresponds(DEBUG) No coincidence
02.01.2013[21:56:46] - cubes - please_logger.template.Template.corresponds(DEBUG) checking for a match. Template: check|run all solutions|sols ^^^. String: add tag prefix-function
02.01.2013[21:56:46] - cubes - please_logger.template.Template.corresponds(DEBUG) No coincidence
02.01.2013[21:56:46] - cubes - please_logger.template.Template.corresponds(DEBUG) checking for a match. Template: check|run solution|sol|solutions|sols #substr ^^^. String: add tag prefix-function
02.01.2013[21:56:46] - cubes - please_logger.template.Template.corresponds(DEBUG) No coincidence
02.01.2013[21:56:46] - cubes - please_logger.template.Template.corresponds(DEBUG) checking for a match. Template: check|run main solution|sol ^^^. String: add tag prefix-function
02.01.2013[21:56:46] - cubes - please_logger.template.Template.corresponds(DEBUG) No coincidence
02.01.2013[21:56:46] - cubes - please_logger.template.Template.corresponds(DEBUG) checking for a match. Template: check main ^^^. String: add tag prefix-function
02.01.2013[21:56:46] - cubes - please_logger.template.Template.corresponds(DEBUG) No coincidence
02.01.2013[21:56:46] - cubes - please_logger.template.Template.corresponds(DEBUG) checking for a match. Template: compute TL|tl|time-limit|timelimit|time_limit ^^^. String: add tag prefix-function
02.01.2013[21:56:46] - cubes - please_logger.template.Template.corresponds(DEBUG) No coincidence
02.01.2013[21:56:46] - cubes - please_logger.template.Template.corresponds(DEBUG) checking for a match. Template: compute integer TL|tl|time-limit|timelimit|time_limit ^^^. String: add tag prefix-function
02.01.2013[21:56:46] - cubes - please_logger.template.Template.corresponds(DEBUG) No coincidence
02.01.2013[21:56:46] - cubes - please_logger.template.Template.corresponds(DEBUG) checking for a match. Template: validate|val tests ^^^. String: add tag prefix-function
02.01.2013[21:56:46] - cubes - please_logger.template.Template.corresponds(DEBUG) No coincidence
02.01.2013[21:56:46] - cubes - please_logger.template.Template.corresponds(DEBUG) checking for a match. Template: validate ^^^. String: add tag prefix-function
02.01.2013[21:56:46] - cubes - please_logger.template.Template.corresponds(DEBUG) No coincidence
02.01.2013[21:56:46] - cubes - please_logger.template.Template.corresponds(DEBUG) checking for a match. Template: set validator|val $path ^^^. String: add tag prefix-function
02.01.2013[21:56:46] - cubes - please_logger.template.Template.corresponds(DEBUG) No coincidence
02.01.2013[21:56:46] - cubes - please_logger.template.Template.corresponds(DEBUG) checking for a match. Template: set standard|std checker #checker ^^^. String: add tag prefix-function
02.01.2013[21:56:46] - cubes - please_logger.template.Template.corresponds(DEBUG) No coincidence
02.01.2013[21:56:46] - cubes - please_logger.template.Template.corresponds(DEBUG) checking for a match. Template: set standard|std checker ^^^. String: add tag prefix-function
02.01.2013[21:56:46] - cubes - please_logger.template.Template.corresponds(DEBUG) No coincidence
02.01.2013[21:56:46] - cubes - please_logger.template.Template.corresponds(DEBUG) checking for a match. Template: set checker $path ^^^. String: add tag prefix-function
02.01.2013[21:56:46] - cubes - please_logger.template.Template.corresponds(DEBUG) No coincidence
02.01.2013[21:56:46] - cubes - please_logger.template.Template.corresponds(DEBUG) checking for a match. Template: set name #value ^^^. String: add tag prefix-function
02.01.2013[21:56:46] - cubes - please_logger.template.Template.corresponds(DEBUG) No coincidence
02.01.2013[21:56:46] - cubes - please_logger.template.Template.corresponds(DEBUG) checking for a match. Template: set problem name #value ^^^. String: add tag prefix-function
02.01.2013[21:56:46] - cubes - please_logger.template.Template.corresponds(DEBUG) No coincidence
02.01.2013[21:56:46] - cubes - please_logger.template.Template.corresponds(DEBUG) checking for a match. Template: set input #value ^^^. String: add tag prefix-function
02.01.2013[21:56:46] - cubes - please_logger.template.Template.corresponds(DEBUG) No coincidence
02.01.2013[21:56:46] - cubes - please_logger.template.Template.corresponds(DEBUG) checking for a match. Template: set output #value ^^^. String: add tag prefix-function
02.01.2013[21:56:46] - cubes - please_logger.template.Template.corresponds(DEBUG) No coincidence
02.01.2013[21:56:46] - cubes - please_logger.template.Template.corresponds(DEBUG) checking for a match. Template: set TL|tl|time-limit|timelimit|time_limit #value ^^^. String: add tag prefix-function
02.01.2013[21:56:46] - cubes - please_logger.template.Template.corresponds(DEBUG) No coincidence
02.01.2013[21:56:46] - cubes - please_logger.template.Template.corresponds(DEBUG) checking for a match. Template: set ML|ml|memory-limit|memorylimit|memory_limit #value ^^^. String: add tag prefix-function
02.01.2013[21:56:46] - cubes - please_logger.template.Template.corresponds(DEBUG) No coincidence
02.01.2013[21:56:46] - cubes - please_logger.template.Template.corresponds(DEBUG) checking for a match. Template: zip ^^^. String: add tag prefix-function
02.01.2013[21:56:46] - cubes - please_logger.template.Template.corresponds(DEBUG) No coincidence
02.01.2013[21:56:46] - cubes - please_logger.template.Template.corresponds(DEBUG) checking for a match. Template: stress $solution $generator ^^^. String: add tag prefix-function
02.01.2013[21:56:46] - cubes - please_logger.template.Template.corresponds(DEBUG) No coincidence
02.01.2013[21:56:46] - cubes - please_logger.template.Template.corresponds(DEBUG) checking for a match. Template: stress $solution $correct_solution $generator ^^^. String: add tag prefix-function
02.01.2013[21:56:46] - cubes - please_logger.template.Template.corresponds(DEBUG) No coincidence
02.01.2013[21:56:46] - cubes - please_logger.template.Template.corresponds(DEBUG) checking for a match. Template: stress $solution $generator with arg|args @args ^^^. String: add tag prefix-function
02.01.2013[21:56:46] - cubes - please_logger.template.Template.corresponds(DEBUG) No coincidence
02.01.2013[21:56:46] - cubes - please_logger.template.Template.corresponds(DEBUG) checking for a match. Template: stress $solution $correct_solution $generator with arg|args @args ^^^. String: add tag prefix-function
02.01.2013[21:56:46] - cubes - please_logger.template.Template.corresponds(DEBUG) No coincidence
02.01.2013[21:56:46] - cubes - please_logger.template.Template.corresponds(DEBUG) checking for a match. Template: add problem|problems @problems to #name as @problems_as ^^^. String: add tag prefix-function
02.01.2013[21:56:46] - cubes - please_logger.template.Template.corresponds(DEBUG) No coincidence
02.01.2013[21:56:46] - cubes - please_logger.template.Template.corresponds(DEBUG) checking for a match. Template: add problem|problems @problems to #name ^^^. String: add tag prefix-function
02.01.2013[21:56:46] - cubes - please_logger.template.Template.corresponds(DEBUG) No coincidence
02.01.2013[21:56:46] - cubes - please_logger.template.Template.corresponds(DEBUG) checking for a match. Template: del|delete problem|problems @problems from #name ^^^. String: add tag prefix-function
02.01.2013[21:56:46] - cubes - please_logger.template.Template.corresponds(DEBUG) No coincidence
02.01.2013[21:56:46] - cubes - please_logger.template.Template.corresponds(DEBUG) checking for a match. Template: generate|gen contest #name statement|pdf ^^^. String: add tag prefix-function
02.01.2013[21:56:46] - cubes - please_logger.template.Template.corresponds(DEBUG) No coincidence
02.01.2013[21:56:46] - cubes - please_logger.template.Template.corresponds(DEBUG) checking for a match. Template: export #name to #where as #contest ^^^. String: add tag prefix-function
02.01.2013[21:56:46] - cubes - please_logger.template.Template.corresponds(DEBUG) No coincidence
02.01.2013[21:56:46] - cubes - please_logger.template.Template.corresponds(DEBUG) checking for a match. Template: change contest #name properties|prop #key #value ^^^. String: add tag prefix-function
02.01.2013[21:56:46] - cubes - please_logger.template.Template.corresponds(DEBUG) No coincidence
02.01.2013[21:56:46] - cubes - please_logger.template.Template.corresponds(DEBUG) checking for a match. Template: clean|clear ^^^. String: add tag prefix-function
02.01.2013[21:56:46] - cubes - please_logger.template.Template.corresponds(DEBUG) No coincidence
02.01.2013[21:56:46] - cubes - please_logger.template.Template.corresponds(DEBUG) checking for a match. Template: build all ^^^. String: add tag prefix-function
02.01.2013[21:56:46] - cubes - please_logger.template.Template.corresponds(DEBUG) No coincidence
02.01.2013[21:56:46] - cubes - please_logger.template.Template.corresponds(DEBUG) checking for a match. Template: build ^^^. String: add tag prefix-function
02.01.2013[21:56:46] - cubes - please_logger.template.Template.corresponds(DEBUG) No coincidence
02.01.2013[21:56:46] - cubes - please_logger.template.Template.corresponds(DEBUG) checking for a match. Template: export to #server_name contest #contest_id problem|problems @problems ^^^. String: add tag prefix-function
02.01.2013[21:56:46] - cubes - please_logger.template.Template.corresponds(DEBUG) No coincidence
02.01.2013[21:56:46] - cubes - please_logger.template.Template.corresponds(DEBUG) checking for a match. Template: take over the world ^^^. String: add tag prefix-function
02.01.2013[21:56:46] - cubes - please_logger.template.Template.corresponds(DEBUG) No coincidence
02.01.2013[21:56:46] - cubes - please_logger.template.Template.corresponds(DEBUG) checking for a match. Template: say @words ^^^. String: add tag prefix-function
02.01.2013[21:56:46] - cubes - please_logger.template.Template.corresponds(DEBUG) No coincidence
02.01.2013[21:56:46] - cubes - please_logger.template.Template.corresponds(DEBUG) checking for a match. Template: make me @food ^^^. String: add tag prefix-function
02.01.2013[21:56:46] - cubes - please_logger.template.Template.corresponds(DEBUG) No coincidence
02.01.2013[21:56:46] - cubes - please_logger.template.Template.corresponds(DEBUG) checking for a match. Template: sudo make me @food ^^^. String: add tag prefix-function
02.01.2013[21:56:46] - cubes - please_logger.template.Template.corresponds(DEBUG) No coincidence
02.01.2013[21:56:46] - cubes - please_logger.template.Template.corresponds(DEBUG) checking for a match. Template: smile ^^^. String: add tag prefix-function
02.01.2013[21:56:46] - cubes - please_logger.template.Template.corresponds(DEBUG) No coincidence
02.01.2013[21:56:46] - cubes - please_logger.matcher.Matcher.matches(DEBUG) Run function: <function add_tags at 0x7fe6bf6d33b0>. Matching completed
02.01.2013[22:22:01] - cubes - please_logger.matcher.Matcher.matches(DEBUG) Matching...
02.01.2013[22:22:01] - cubes - please_logger.template.Template.corresponds(DEBUG) checking for a match. Template: help ^^^. String: show tags
02.01.2013[22:22:01] - cubes - please_logger.template.Template.corresponds(DEBUG) No coincidence
02.01.2013[22:22:01] - cubes - please_logger.template.Template.corresponds(DEBUG) checking for a match. Template: commands ^^^. String: show tags
02.01.2013[22:22:01] - cubes - please_logger.template.Template.corresponds(DEBUG) No coincidence
02.01.2013[22:22:01] - cubes - please_logger.template.Template.corresponds(DEBUG) checking for a match. Template: create problem #shortname ^^^. String: show tags
02.01.2013[22:22:01] - cubes - please_logger.template.Template.corresponds(DEBUG) No coincidence
02.01.2013[22:22:01] - cubes - please_logger.template.Template.corresponds(DEBUG) checking for a match. Template: create contest #name of @problems ^^^. String: show tags
02.01.2013[22:22:01] - cubes - please_logger.template.Template.corresponds(DEBUG) No coincidence
02.01.2013[22:22:01] - cubes - please_logger.template.Template.corresponds(DEBUG) checking for a match. Template: set main solution $path ^^^. String: show tags
02.01.2013[22:22:01] - cubes - please_logger.template.Template.corresponds(DEBUG) No coincidence
02.01.2013[22:22:01] - cubes - please_logger.template.Template.corresponds(DEBUG) checking for a match. Template: add solution|sol $path ^^^. String: show tags
02.01.2013[22:22:01] - cubes - please_logger.template.Template.corresponds(DEBUG) No coincidence
02.01.2013[22:22:01] - cubes - please_logger.template.Template.corresponds(DEBUG) checking for a match. Template: add solution|sol $path @args ^^^. String: show tags
02.01.2013[22:22:01] - cubes - please_logger.template.Template.corresponds(DEBUG) No coincidence
02.01.2013[22:22:01] - cubes - please_logger.template.Template.corresponds(DEBUG) checking for a match. Template: delete|del solution|sol #path ^^^. String: show tags
02.01.2013[22:22:01] - cubes - please_logger.template.Template.corresponds(DEBUG) No coincidence
02.01.2013[22:22:01] - cubes - please_logger.template.Template.corresponds(DEBUG) checking for a match. Template: change prop|properties @args ^^^. String: show tags
02.01.2013[22:22:01] - cubes - please_logger.template.Template.corresponds(DEBUG) No coincidence
02.01.2013[22:22:01] - cubes - please_logger.template.Template.corresponds(DEBUG) checking for a match. Template: delete|del prop|properties @args ^^^. String: show tags
02.01.2013[22:22:01] - cubes - please_logger.template.Template.corresponds(DEBUG) No coincidence
02.01.2013[22:22:01] - cubes - please_logger.template.Template.corresponds(DEBUG) checking for a match. Template: import polygon contest #name ^^^. String: show tags
02.01.2013[22:22:01] - cubes - please_logger.template.Template.corresponds(DEBUG) No coincidence
02.01.2013[22:22:01] - cubes - please_logger.template.Template.corresponds(DEBUG) checking for a match. Template: import polygon problem #problem_letter from contest #contest_id ^^^. String: show tags
02.01.2013[22:22:01] - cubes - please_logger.template.Template.corresponds(DEBUG) No coincidence
02.01.2013[22:22:01] - cubes - please_logger.template.Template.corresponds(DEBUG) checking for a match. Template: import polygon package #package ^^^. String: show tags
02.01.2013[22:22:01] - cubes - please_logger.template.Template.corresponds(DEBUG) No coincidence
02.01.2013[22:22:01] - cubes - please_logger.template.Template.corresponds(DEBUG) checking for a match. Template: show todo ^^^. String: show tags
02.01.2013[22:22:01] - cubes - please_logger.template.Template.corresponds(DEBUG) No coincidence
02.01.2013[22:22:01] - cubes - please_logger.template.Template.corresponds(DEBUG) checking for a match. Template: todo ^^^. String: show tags
02.01.2013[22:22:01] - cubes - please_logger.template.Template.corresponds(DEBUG) No coincidence
02.01.2013[22:22:01] - cubes - please_logger.template.Template.corresponds(DEBUG) checking for a match. Template: show tags ^^^. String: show tags
02.01.2013[22:22:01] - cubes - please_logger.template.Template.corresponds(DEBUG) Coincidence
02.01.2013[22:22:01] - cubes - please_logger.template.Template.corresponds(DEBUG) checking for a match. Template: tags ^^^. String: show tags
02.01.2013[22:22:01] - cubes - please_logger.template.Template.corresponds(DEBUG) No coincidence
02.01.2013[22:22:01] - cubes - please_logger.template.Template.corresponds(DEBUG) checking for a match. Template: clear tags ^^^. String: show tags
02.01.2013[22:22:01] - cubes - please_logger.template.Template.corresponds(DEBUG) No coincidence
02.01.2013[22:22:01] - cubes - please_logger.template.Template.corresponds(DEBUG) checking for a match. Template: add tag|tags @tags ^^^. String: show tags
02.01.2013[22:22:01] - cubes - please_logger.template.Template.corresponds(DEBUG) No coincidence
02.01.2013[22:22:01] - cubes - please_logger.template.Template.corresponds(DEBUG) checking for a match. Template: generate|gen tests with tag|tags @tags ^^^. String: show tags
02.01.2013[22:22:01] - cubes - please_logger.template.Template.corresponds(DEBUG) No coincidence
02.01.2013[22:22:01] - cubes - please_logger.template.Template.corresponds(DEBUG) checking for a match. Template: generate|gen tests ^^^. String: show tags
02.01.2013[22:22:01] - cubes - please_logger.template.Template.corresponds(DEBUG) No coincidence
02.01.2013[22:22:01] - cubes - please_logger.template.Template.corresponds(DEBUG) checking for a match. Template: generate|gen statement|pdf ^^^. String: show tags
02.01.2013[22:22:01] - cubes - please_logger.template.Template.corresponds(DEBUG) No coincidence
02.01.2013[22:22:01] - cubes - please_logger.template.Template.corresponds(DEBUG) checking for a match. Template: generate|gen answers|ans ^^^. String: show tags
02.01.2013[22:22:01] - cubes - please_logger.template.Template.corresponds(DEBUG) No coincidence
02.01.2013[22:22:01] - cubes - please_logger.template.Template.corresponds(DEBUG) checking for a match. Template: run|check solutions|sols|all ^^^. String: show tags
02.01.2013[22:22:01] - cubes - please_logger.template.Template.corresponds(DEBUG) No coincidence
02.01.2013[22:22:01] - cubes - please_logger.template.Template.corresponds(DEBUG) checking for a match. Template: check|run all solutions|sols ^^^. String: show tags
02.01.2013[22:22:01] - cubes - please_logger.template.Template.corresponds(DEBUG) No coincidence
02.01.2013[22:22:01] - cubes - please_logger.template.Template.corresponds(DEBUG) checking for a match. Template: check|run solution|sol|solutions|sols #substr ^^^. String: show tags
02.01.2013[22:22:01] - cubes - please_logger.template.Template.corresponds(DEBUG) No coincidence
02.01.2013[22:22:01] - cubes - please_logger.template.Template.corresponds(DEBUG) checking for a match. Template: check|run main solution|sol ^^^. String: show tags
02.01.2013[22:22:01] - cubes - please_logger.template.Template.corresponds(DEBUG) No coincidence
02.01.2013[22:22:01] - cubes - please_logger.template.Template.corresponds(DEBUG) checking for a match. Template: check main ^^^. String: show tags
02.01.2013[22:22:01] - cubes - please_logger.template.Template.corresponds(DEBUG) No coincidence
02.01.2013[22:22:01] - cubes - please_logger.template.Template.corresponds(DEBUG) checking for a match. Template: compute TL|tl|time-limit|timelimit|time_limit ^^^. String: show tags
02.01.2013[22:22:01] - cubes - please_logger.template.Template.corresponds(DEBUG) No coincidence
02.01.2013[22:22:01] - cubes - please_logger.template.Template.corresponds(DEBUG) checking for a match. Template: compute integer TL|tl|time-limit|timelimit|time_limit ^^^. String: show tags
02.01.2013[22:22:01] - cubes - please_logger.template.Template.corresponds(DEBUG) No coincidence
02.01.2013[22:22:01] - cubes - please_logger.template.Template.corresponds(DEBUG) checking for a match. Template: validate|val tests ^^^. String: show tags
02.01.2013[22:22:01] - cubes - please_logger.template.Template.corresponds(DEBUG) No coincidence
02.01.2013[22:22:01] - cubes - please_logger.template.Template.corresponds(DEBUG) checking for a match. Template: validate ^^^. String: show tags
02.01.2013[22:22:01] - cubes - please_logger.template.Template.corresponds(DEBUG) No coincidence
02.01.2013[22:22:01] - cubes - please_logger.template.Template.corresponds(DEBUG) checking for a match. Template: set validator|val $path ^^^. String: show tags
02.01.2013[22:22:01] - cubes - please_logger.template.Template.corresponds(DEBUG) No coincidence
02.01.2013[22:22:01] - cubes - please_logger.template.Template.corresponds(DEBUG) checking for a match. Template: set standard|std checker #checker ^^^. String: show tags
02.01.2013[22:22:01] - cubes - please_logger.template.Template.corresponds(DEBUG) No coincidence
02.01.2013[22:22:01] - cubes - please_logger.template.Template.corresponds(DEBUG) checking for a match. Template: set standard|std checker ^^^. String: show tags
02.01.2013[22:22:01] - cubes - please_logger.template.Template.corresponds(DEBUG) No coincidence
02.01.2013[22:22:01] - cubes - please_logger.template.Template.corresponds(DEBUG) checking for a match. Template: set checker $path ^^^. String: show tags
02.01.2013[22:22:01] - cubes - please_logger.template.Template.corresponds(DEBUG) No coincidence
02.01.2013[22:22:01] - cubes - please_logger.template.Template.corresponds(DEBUG) checking for a match. Template: set name #value ^^^. String: show tags
02.01.2013[22:22:01] - cubes - please_logger.template.Template.corresponds(DEBUG) No coincidence
02.01.2013[22:22:01] - cubes - please_logger.template.Template.corresponds(DEBUG) checking for a match. Template: set problem name #value ^^^. String: show tags
02.01.2013[22:22:01] - cubes - please_logger.template.Template.corresponds(DEBUG) No coincidence
02.01.2013[22:22:01] - cubes - please_logger.template.Template.corresponds(DEBUG) checking for a match. Template: set input #value ^^^. String: show tags
02.01.2013[22:22:01] - cubes - please_logger.template.Template.corresponds(DEBUG) No coincidence
02.01.2013[22:22:01] - cubes - please_logger.template.Template.corresponds(DEBUG) checking for a match. Template: set output #value ^^^. String: show tags
02.01.2013[22:22:01] - cubes - please_logger.template.Template.corresponds(DEBUG) No coincidence
02.01.2013[22:22:01] - cubes - please_logger.template.Template.corresponds(DEBUG) checking for a match. Template: set TL|tl|time-limit|timelimit|time_limit #value ^^^. String: show tags
02.01.2013[22:22:01] - cubes - please_logger.template.Template.corresponds(DEBUG) No coincidence
02.01.2013[22:22:01] - cubes - please_logger.template.Template.corresponds(DEBUG) checking for a match. Template: set ML|ml|memory-limit|memorylimit|memory_limit #value ^^^. String: show tags
02.01.2013[22:22:01] - cubes - please_logger.template.Template.corresponds(DEBUG) No coincidence
02.01.2013[22:22:01] - cubes - please_logger.template.Template.corresponds(DEBUG) checking for a match. Template: zip ^^^. String: show tags
02.01.2013[22:22:01] - cubes - please_logger.template.Template.corresponds(DEBUG) No coincidence
02.01.2013[22:22:01] - cubes - please_logger.template.Template.corresponds(DEBUG) checking for a match. Template: stress $solution $generator ^^^. String: show tags
02.01.2013[22:22:01] - cubes - please_logger.template.Template.corresponds(DEBUG) No coincidence
02.01.2013[22:22:01] - cubes - please_logger.template.Template.corresponds(DEBUG) checking for a match. Template: stress $solution $correct_solution $generator ^^^. String: show tags
02.01.2013[22:22:01] - cubes - please_logger.template.Template.corresponds(DEBUG) No coincidence
02.01.2013[22:22:01] - cubes - please_logger.template.Template.corresponds(DEBUG) checking for a match. Template: stress $solution $generator with arg|args @args ^^^. String: show tags
02.01.2013[22:22:01] - cubes - please_logger.template.Template.corresponds(DEBUG) No coincidence
02.01.2013[22:22:01] - cubes - please_logger.template.Template.corresponds(DEBUG) checking for a match. Template: stress $solution $correct_solution $generator with arg|args @args ^^^. String: show tags
02.01.2013[22:22:01] - cubes - please_logger.template.Template.corresponds(DEBUG) No coincidence
02.01.2013[22:22:01] - cubes - please_logger.template.Template.corresponds(DEBUG) checking for a match. Template: add problem|problems @problems to #name as @problems_as ^^^. String: show tags
02.01.2013[22:22:01] - cubes - please_logger.template.Template.corresponds(DEBUG) No coincidence
02.01.2013[22:22:01] - cubes - please_logger.template.Template.corresponds(DEBUG) checking for a match. Template: add problem|problems @problems to #name ^^^. String: show tags
02.01.2013[22:22:01] - cubes - please_logger.template.Template.corresponds(DEBUG) No coincidence
02.01.2013[22:22:01] - cubes - please_logger.template.Template.corresponds(DEBUG) checking for a match. Template: del|delete problem|problems @problems from #name ^^^. String: show tags
02.01.2013[22:22:01] - cubes - please_logger.template.Template.corresponds(DEBUG) No coincidence
02.01.2013[22:22:01] - cubes - please_logger.template.Template.corresponds(DEBUG) checking for a match. Template: generate|gen contest #name statement|pdf ^^^. String: show tags
02.01.2013[22:22:01] - cubes - please_logger.template.Template.corresponds(DEBUG) No coincidence
02.01.2013[22:22:01] - cubes - please_logger.template.Template.corresponds(DEBUG) checking for a match. Template: export #name to #where as #contest ^^^. String: show tags
02.01.2013[22:22:01] - cubes - please_logger.template.Template.corresponds(DEBUG) No coincidence
02.01.2013[22:22:01] - cubes - please_logger.template.Template.corresponds(DEBUG) checking for a match. Template: change contest #name properties|prop #key #value ^^^. String: show tags
02.01.2013[22:22:01] - cubes - please_logger.template.Template.corresponds(DEBUG) No coincidence
02.01.2013[22:22:01] - cubes - please_logger.template.Template.corresponds(DEBUG) checking for a match. Template: clean|clear ^^^. String: show tags
02.01.2013[22:22:01] - cubes - please_logger.template.Template.corresponds(DEBUG) No coincidence
02.01.2013[22:22:01] - cubes - please_logger.template.Template.corresponds(DEBUG) checking for a match. Template: build all ^^^. String: show tags
02.01.2013[22:22:01] - cubes - please_logger.template.Template.corresponds(DEBUG) No coincidence
02.01.2013[22:22:01] - cubes - please_logger.template.Template.corresponds(DEBUG) checking for a match. Template: build ^^^. String: show tags
02.01.2013[22:22:01] - cubes - please_logger.template.Template.corresponds(DEBUG) No coincidence
02.01.2013[22:22:01] - cubes - please_logger.template.Template.corresponds(DEBUG) checking for a match. Template: export to #server_name contest #contest_id problem|problems @problems ^^^. String: show tags
02.01.2013[22:22:01] - cubes - please_logger.template.Template.corresponds(DEBUG) No coincidence
02.01.2013[22:22:01] - cubes - please_logger.template.Template.corresponds(DEBUG) checking for a match. Template: take over the world ^^^. String: show tags
02.01.2013[22:22:01] - cubes - please_logger.template.Template.corresponds(DEBUG) No coincidence
02.01.2013[22:22:01] - cubes - please_logger.template.Template.corresponds(DEBUG) checking for a match. Template: say @words ^^^. String: show tags
02.01.2013[22:22:01] - cubes - please_logger.template.Template.corresponds(DEBUG) No coincidence
02.01.2013[22:22:01] - cubes - please_logger.template.Template.corresponds(DEBUG) checking for a match. Template: make me @food ^^^. String: show tags
02.01.2013[22:22:01] - cubes - please_logger.template.Template.corresponds(DEBUG) No coincidence
02.01.2013[22:22:01] - cubes - please_logger.template.Template.corresponds(DEBUG) checking for a match. Template: sudo make me @food ^^^. String: show tags
02.01.2013[22:22:01] - cubes - please_logger.template.Template.corresponds(DEBUG) No coincidence
02.01.2013[22:22:01] - cubes - please_logger.template.Template.corresponds(DEBUG) checking for a match. Template: smile ^^^. String: show tags
02.01.2013[22:22:01] - cubes - please_logger.template.Template.corresponds(DEBUG) No coincidence
02.01.2013[22:22:01] - cubes - please_logger.matcher.Matcher.matches(DEBUG) Run function: <function show_tags at 0x7f9873f298c0>. Matching completed
02.01.2013[22:22:01] - cubes - please_logger.tags.show_tags(DEBUG) Output Tags
